2023-04-26 10:28:18,412 [Worker-6: Loading available Gradle versions] INFO  o.e.b.c.i.u.g.PublishedGradleVersions - Gradle version information cache is up-to-date. Trying to read.
2023-04-26 10:31:03,574 [Worker-13: Import Getting Started Content] INFO  o.e.m.c.i.l.LifecycleMappingFactory - Using org.maven.ide.eclipse.wtp.WarLifecycleMapping lifecycle mapping for MavenProject: com.example.demo:DaikichiPV:0.0.1-SNAPSHOT @ /Users/shathamorales/Desktop/Coding-Dojo/java_stack/_java/JavaSpring/DaikichiPathVariables/DaikichiPV/pom.xml.
2023-04-26 10:31:05,274 [Worker-13: Import Getting Started Content] INFO  o.e.m.j.i.AbstractJavaProjectConfigurator - Adding source folder /DaikichiPV/src/main/java
2023-04-26 10:31:05,274 [Worker-13: Import Getting Started Content] INFO  o.e.m.j.i.AbstractJavaProjectConfigurator - Adding resource folder /DaikichiPV/src/main/resources
2023-04-26 10:31:05,278 [Worker-13: Import Getting Started Content] INFO  o.e.m.j.i.AbstractJavaProjectConfigurator - Adding resource folder /DaikichiPV/src/main/resources
2023-04-26 10:31:05,282 [Worker-13: Import Getting Started Content] INFO  o.e.m.j.i.AbstractJavaProjectConfigurator - Adding source folder /DaikichiPV/src/test/java
2023-04-26 10:31:08,316 [Worker-13: Import Getting Started Content] INFO  o.e.m.c.i.p.ProjectConfigurationManager - Imported and configured 1 project(s) in 6 sec
2023-04-26 10:31:08,322 [Worker-13: Import Getting Started Content] INFO  o.e.m.c.i.p.ProjectConfigurationManager - Update started
2023-04-26 10:31:08,811 [Worker-13: Import Getting Started Content] INFO  o.e.m.c.i.l.LifecycleMappingFactory - Using org.maven.ide.eclipse.wtp.WarLifecycleMapping lifecycle mapping for MavenProject: com.example.demo:DaikichiPV:0.0.1-SNAPSHOT @ /Users/shathamorales/Desktop/Coding-Dojo/java_stack/_java/JavaSpring/DaikichiPathVariables/DaikichiPV/pom.xml.
2023-04-26 10:31:09,797 [Worker-13: Import Getting Started Content] INFO  o.e.m.j.i.AbstractJavaProjectConfigurator - Adding source folder /DaikichiPV/src/main/java
2023-04-26 10:31:09,798 [Worker-13: Import Getting Started Content] INFO  o.e.m.j.i.AbstractJavaProjectConfigurator - Adding resource folder /DaikichiPV/src/main/resources
2023-04-26 10:31:09,798 [Worker-13: Import Getting Started Content] INFO  o.e.m.j.i.AbstractJavaProjectConfigurator - Adding resource folder /DaikichiPV/src/main/resources
2023-04-26 10:31:09,799 [Worker-13: Import Getting Started Content] INFO  o.e.m.j.i.AbstractJavaProjectConfigurator - Adding source folder /DaikichiPV/src/test/java
2023-04-26 10:31:10,997 [Worker-13: Import Getting Started Content] INFO  o.e.m.w.i.f.ResourceFilteringBuildParticipant - Cleaning filtered folder for DaikichiPV
2023-04-26 10:31:11,004 [Worker-13: Import Getting Started Content] INFO  o.e.m.c.i.p.ProjectConfigurationManager - Update completed: 2 sec
2023-04-26 10:31:11,664 [Worker-0: Building] INFO  o.a.m.s.f.DefaultMavenResourcesFiltering - Copying 1 resource from src/main/resources to target/classes
2023-04-26 10:31:11,704 [Worker-0: Building] INFO  o.a.m.s.f.DefaultMavenResourcesFiltering - Copying 0 resource from src/main/resources to target/classes
2023-04-26 10:31:11,709 [Worker-0: Building] INFO  o.a.m.s.f.DefaultMavenResourcesFiltering - skip non existing resourceDirectory /Users/shathamorales/Desktop/Coding-Dojo/java_stack/_java/JavaSpring/DaikichiPathVariables/DaikichiPV/src/test/resources
2023-04-26 10:31:11,710 [Worker-0: Building] INFO  o.e.m.w.i.f.ResourceFilteringBuildParticipant - Changed resources require a complete clean of filtered resources of DaikichiPV
2023-04-26 10:31:11,713 [Worker-0: Building] INFO  o.e.m.w.i.f.ResourceFilteringBuildParticipant - Executing resource filtering for DaikichiPV
2023-04-26 10:32:36,793 [Worker-15: Building] INFO  o.a.m.s.f.DefaultMavenResourcesFiltering - Copying 1 resource from src/main/resources to target/classes
2023-04-26 10:32:36,859 [Worker-15: Building] INFO  o.a.m.s.f.DefaultMavenResourcesFiltering - Copying 0 resource from src/main/resources to target/classes
2023-04-26 10:32:36,863 [Worker-15: Building] INFO  o.a.m.s.f.DefaultMavenResourcesFiltering - skip non existing resourceDirectory /Users/shathamorales/Desktop/Coding-Dojo/java_stack/_java/JavaSpring/DaikichiPathVariables/DaikichiPV/src/test/resources
2023-04-26 10:49:41,686 [Worker-18: Building] INFO  o.a.m.s.f.DefaultMavenResourcesFiltering - Copying 1 resource from src/main/resources to target/classes
2023-04-26 10:49:41,795 [Worker-18: Building] INFO  o.a.m.s.f.DefaultMavenResourcesFiltering - Copying 0 resource from src/main/resources to target/classes
2023-04-26 10:49:41,801 [Worker-18: Building] INFO  o.a.m.s.f.DefaultMavenResourcesFiltering - skip non existing resourceDirectory /Users/shathamorales/Desktop/Coding-Dojo/java_stack/_java/JavaSpring/DaikichiPathVariables/DaikichiPV/src/test/resources
2023-04-26 10:54:51,264 [Worker-21: Building] INFO  o.a.m.s.f.DefaultMavenResourcesFiltering - Copying 1 resource from src/main/resources to target/classes
2023-04-26 10:54:51,280 [Worker-21: Building] INFO  o.a.m.s.f.DefaultMavenResourcesFiltering - Copying 0 resource from src/main/resources to target/classes
2023-04-26 10:54:51,284 [Worker-21: Building] INFO  o.a.m.s.f.DefaultMavenResourcesFiltering - skip non existing resourceDirectory /Users/shathamorales/Desktop/Coding-Dojo/java_stack/_java/JavaSpring/DaikichiPathVariables/DaikichiPV/src/test/resources
2023-04-26 10:56:23,779 [Worker-23: Building] INFO  o.a.m.s.f.DefaultMavenResourcesFiltering - Copying 1 resource from src/main/resources to target/classes
2023-04-26 10:56:23,921 [Worker-23: Building] INFO  o.a.m.s.f.DefaultMavenResourcesFiltering - Copying 0 resource from src/main/resources to target/classes
2023-04-26 10:56:23,925 [Worker-23: Building] INFO  o.a.m.s.f.DefaultMavenResourcesFiltering - skip non existing resourceDirectory /Users/shathamorales/Desktop/Coding-Dojo/java_stack/_java/JavaSpring/DaikichiPathVariables/DaikichiPV/src/test/resources
