2023-05-01 04:09:54,618 [Worker-4: Loading available Gradle versions] INFO  o.e.b.c.i.u.g.PublishedGradleVersions - Gradle version information cache is up-to-date. Trying to read.
2023-05-01 04:11:05,771 [Worker-7: Import Getting Started Content] INFO  o.e.m.c.i.l.LifecycleMappingFactory - Using org.maven.ide.eclipse.wtp.WarLifecycleMapping lifecycle mapping for MavenProject: com.codingdojo.displaydate:DisplayDate:0.0.1-SNAPSHOT @ /Users/shathamorales/Desktop/Coding-Dojo/java_stack/_java/JavaSpring/DisplayDate/DisplayDate/pom.xml.
2023-05-01 04:11:07,633 [Worker-7: Import Getting Started Content] INFO  o.e.m.j.i.AbstractJavaProjectConfigurator - Adding source folder /DisplayDate/src/main/java
2023-05-01 04:11:07,633 [Worker-7: Import Getting Started Content] INFO  o.e.m.j.i.AbstractJavaProjectConfigurator - Adding resource folder /DisplayDate/src/main/resources
2023-05-01 04:11:07,637 [Worker-7: Import Getting Started Content] INFO  o.e.m.j.i.AbstractJavaProjectConfigurator - Adding resource folder /DisplayDate/src/main/resources
2023-05-01 04:11:07,642 [Worker-7: Import Getting Started Content] INFO  o.e.m.j.i.AbstractJavaProjectConfigurator - Adding source folder /DisplayDate/src/test/java
2023-05-01 04:11:12,409 [Worker-7: Import Getting Started Content] INFO  o.e.m.c.i.p.ProjectConfigurationManager - Imported and configured 1 project(s) in 8 sec
2023-05-01 04:11:12,417 [Worker-7: Import Getting Started Content] INFO  o.e.m.c.i.p.ProjectConfigurationManager - Update started
2023-05-01 04:11:13,101 [Worker-7: Import Getting Started Content] INFO  o.e.m.c.i.l.LifecycleMappingFactory - Using org.maven.ide.eclipse.wtp.WarLifecycleMapping lifecycle mapping for MavenProject: com.codingdojo.displaydate:DisplayDate:0.0.1-SNAPSHOT @ /Users/shathamorales/Desktop/Coding-Dojo/java_stack/_java/JavaSpring/DisplayDate/DisplayDate/pom.xml.
2023-05-01 04:11:14,285 [Worker-7: Import Getting Started Content] INFO  o.e.m.j.i.AbstractJavaProjectConfigurator - Adding source folder /DisplayDate/src/main/java
2023-05-01 04:11:14,285 [Worker-7: Import Getting Started Content] INFO  o.e.m.j.i.AbstractJavaProjectConfigurator - Adding resource folder /DisplayDate/src/main/resources
2023-05-01 04:11:14,286 [Worker-7: Import Getting Started Content] INFO  o.e.m.j.i.AbstractJavaProjectConfigurator - Adding resource folder /DisplayDate/src/main/resources
2023-05-01 04:11:14,287 [Worker-7: Import Getting Started Content] INFO  o.e.m.j.i.AbstractJavaProjectConfigurator - Adding source folder /DisplayDate/src/test/java
2023-05-01 04:11:16,253 [Worker-7: Import Getting Started Content] INFO  o.e.m.w.i.f.ResourceFilteringBuildParticipant - Cleaning filtered folder for DisplayDate
2023-05-01 04:11:16,259 [Worker-7: Import Getting Started Content] INFO  o.e.m.c.i.p.ProjectConfigurationManager - Update completed: 3 sec
2023-05-01 04:11:17,112 [Worker-13: Building] INFO  o.a.m.s.f.DefaultMavenResourcesFiltering - Copying 1 resource from src/main/resources to target/classes
2023-05-01 04:11:17,165 [Worker-13: Building] INFO  o.a.m.s.f.DefaultMavenResourcesFiltering - Copying 0 resource from src/main/resources to target/classes
2023-05-01 04:11:17,172 [Worker-13: Building] INFO  o.a.m.s.f.DefaultMavenResourcesFiltering - skip non existing resourceDirectory /Users/shathamorales/Desktop/Coding-Dojo/java_stack/_java/JavaSpring/DisplayDate/DisplayDate/src/test/resources
2023-05-01 04:11:17,172 [Worker-13: Building] INFO  o.e.m.w.i.f.ResourceFilteringBuildParticipant - Changed resources require a complete clean of filtered resources of DisplayDate
2023-05-01 04:11:17,173 [Worker-13: Building] INFO  o.e.m.w.i.f.ResourceFilteringBuildParticipant - Executing resource filtering for DisplayDate
2023-05-01 04:13:22,447 [Worker-1: Building] INFO  o.e.m.c.i.l.LifecycleMappingFactory - Using org.maven.ide.eclipse.wtp.WarLifecycleMapping lifecycle mapping for MavenProject: com.codingdojo.displaydate:DisplayDate:0.0.1-SNAPSHOT @ /Users/shathamorales/Desktop/Coding-Dojo/java_stack/_java/JavaSpring/DisplayDate/DisplayDate/pom.xml.
2023-05-01 04:13:23,369 [Worker-1: Building] INFO  o.a.m.s.f.DefaultMavenResourcesFiltering - Copying 0 resource from src/main/resources to target/classes
2023-05-01 04:13:23,369 [Worker-1: Building] INFO  o.a.m.s.f.DefaultMavenResourcesFiltering - Copying 0 resource from src/main/resources to target/classes
2023-05-01 04:13:23,373 [Worker-1: Building] INFO  o.a.m.s.f.DefaultMavenResourcesFiltering - skip non existing resourceDirectory /Users/shathamorales/Desktop/Coding-Dojo/java_stack/_java/JavaSpring/DisplayDate/DisplayDate/src/test/resources
2023-05-01 04:13:23,374 [Worker-1: Building] INFO  o.e.m.w.i.f.ResourceFilteringBuildParticipant - Changed resources require a complete clean of filtered resources of DisplayDate
2023-05-01 04:13:23,374 [Worker-1: Building] INFO  o.e.m.w.i.f.ResourceFilteringBuildParticipant - Executing resource filtering for DisplayDate
2023-05-01 04:13:25,354 [Worker-9: Building] INFO  o.a.m.s.f.DefaultMavenResourcesFiltering - Copying 1 resource from src/main/resources to target/classes
2023-05-01 04:13:25,371 [Worker-9: Building] INFO  o.a.m.s.f.DefaultMavenResourcesFiltering - Copying 0 resource from src/main/resources to target/classes
2023-05-01 04:13:25,384 [Worker-9: Building] INFO  o.a.m.s.f.DefaultMavenResourcesFiltering - skip non existing resourceDirectory /Users/shathamorales/Desktop/Coding-Dojo/java_stack/_java/JavaSpring/DisplayDate/DisplayDate/src/test/resources
2023-05-01 04:13:40,935 [Worker-5: Building] INFO  o.a.m.s.f.DefaultMavenResourcesFiltering - Copying 0 resource from src/main/resources to target/classes
2023-05-01 04:13:40,935 [Worker-5: Building] INFO  o.a.m.s.f.DefaultMavenResourcesFiltering - Copying 0 resource from src/main/resources to target/classes
2023-05-01 04:13:40,939 [Worker-5: Building] INFO  o.a.m.s.f.DefaultMavenResourcesFiltering - skip non existing resourceDirectory /Users/shathamorales/Desktop/Coding-Dojo/java_stack/_java/JavaSpring/DisplayDate/DisplayDate/src/test/resources
2023-05-01 04:13:56,101 [Worker-0: Building] INFO  o.a.m.s.f.DefaultMavenResourcesFiltering - Copying 0 resource from src/main/resources to target/classes
2023-05-01 04:13:56,103 [Worker-0: Building] INFO  o.a.m.s.f.DefaultMavenResourcesFiltering - Copying 0 resource from src/main/resources to target/classes
2023-05-01 04:13:56,108 [Worker-0: Building] INFO  o.a.m.s.f.DefaultMavenResourcesFiltering - skip non existing resourceDirectory /Users/shathamorales/Desktop/Coding-Dojo/java_stack/_java/JavaSpring/DisplayDate/DisplayDate/src/test/resources
2023-05-01 04:14:06,371 [Worker-4: Building] INFO  o.a.m.s.f.DefaultMavenResourcesFiltering - Copying 0 resource from src/main/resources to target/classes
2023-05-01 04:14:06,371 [Worker-4: Building] INFO  o.a.m.s.f.DefaultMavenResourcesFiltering - Copying 0 resource from src/main/resources to target/classes
2023-05-01 04:14:06,376 [Worker-4: Building] INFO  o.a.m.s.f.DefaultMavenResourcesFiltering - skip non existing resourceDirectory /Users/shathamorales/Desktop/Coding-Dojo/java_stack/_java/JavaSpring/DisplayDate/DisplayDate/src/test/resources
2023-05-01 04:14:28,515 [Worker-9: Building] INFO  o.a.m.s.f.DefaultMavenResourcesFiltering - Copying 0 resource from src/main/resources to target/classes
2023-05-01 04:14:28,525 [Worker-9: Building] INFO  o.a.m.s.f.DefaultMavenResourcesFiltering - Copying 0 resource from src/main/resources to target/classes
2023-05-01 04:14:28,531 [Worker-9: Building] INFO  o.a.m.s.f.DefaultMavenResourcesFiltering - skip non existing resourceDirectory /Users/shathamorales/Desktop/Coding-Dojo/java_stack/_java/JavaSpring/DisplayDate/DisplayDate/src/test/resources
2023-05-01 04:14:47,957 [Worker-12: Building] INFO  o.a.m.s.f.DefaultMavenResourcesFiltering - Copying 1 resource from src/main/resources to target/classes
2023-05-01 04:14:47,963 [Worker-12: Building] INFO  o.a.m.s.f.DefaultMavenResourcesFiltering - Copying 0 resource from src/main/resources to target/classes
2023-05-01 04:14:47,969 [Worker-12: Building] INFO  o.a.m.s.f.DefaultMavenResourcesFiltering - skip non existing resourceDirectory /Users/shathamorales/Desktop/Coding-Dojo/java_stack/_java/JavaSpring/DisplayDate/DisplayDate/src/test/resources
2023-05-01 04:15:21,465 [Worker-5: Building] INFO  o.a.m.s.f.DefaultMavenResourcesFiltering - Copying 0 resource from src/main/resources to target/classes
2023-05-01 04:15:21,465 [Worker-5: Building] INFO  o.a.m.s.f.DefaultMavenResourcesFiltering - Copying 0 resource from src/main/resources to target/classes
2023-05-01 04:15:21,477 [Worker-5: Building] INFO  o.a.m.s.f.DefaultMavenResourcesFiltering - skip non existing resourceDirectory /Users/shathamorales/Desktop/Coding-Dojo/java_stack/_java/JavaSpring/DisplayDate/DisplayDate/src/test/resources
2023-05-01 04:15:34,938 [Worker-12: Cleaning all projects] INFO  o.e.m.w.i.f.ResourceFilteringBuildParticipant - Cleaning filtered folder for DisplayDate
2023-05-01 04:15:35,180 [Worker-15: Building] INFO  o.a.m.s.f.DefaultMavenResourcesFiltering - Copying 1 resource from src/main/resources to target/classes
2023-05-01 04:15:35,182 [Worker-15: Building] INFO  o.a.m.s.f.DefaultMavenResourcesFiltering - Copying 0 resource from src/main/resources to target/classes
2023-05-01 04:15:35,190 [Worker-15: Building] INFO  o.a.m.s.f.DefaultMavenResourcesFiltering - skip non existing resourceDirectory /Users/shathamorales/Desktop/Coding-Dojo/java_stack/_java/JavaSpring/DisplayDate/DisplayDate/src/test/resources
2023-05-01 04:15:35,190 [Worker-15: Building] INFO  o.e.m.w.i.f.ResourceFilteringBuildParticipant - Changed resources require a complete clean of filtered resources of DisplayDate
2023-05-01 04:15:35,192 [Worker-15: Building] INFO  o.e.m.w.i.f.ResourceFilteringBuildParticipant - Executing resource filtering for DisplayDate
2023-05-01 04:16:09,289 [Worker-8: Building] INFO  o.a.m.s.f.DefaultMavenResourcesFiltering - Copying 1 resource from src/main/resources to target/classes
2023-05-01 04:16:09,328 [Worker-8: Building] INFO  o.a.m.s.f.DefaultMavenResourcesFiltering - Copying 0 resource from src/main/resources to target/classes
2023-05-01 04:16:09,340 [Worker-8: Building] INFO  o.a.m.s.f.DefaultMavenResourcesFiltering - skip non existing resourceDirectory /Users/shathamorales/Desktop/Coding-Dojo/java_stack/_java/JavaSpring/DisplayDate/DisplayDate/src/test/resources
2023-05-01 04:17:00,626 [Worker-4: Updating Maven Project] INFO  o.e.m.c.i.p.ProjectConfigurationManager - Update started
2023-05-01 04:17:01,002 [Worker-4: Updating Maven Project] INFO  o.e.m.c.i.l.LifecycleMappingFactory - Using org.maven.ide.eclipse.wtp.WarLifecycleMapping lifecycle mapping for MavenProject: com.codingdojo.displaydate:DisplayDate:0.0.1-SNAPSHOT @ /Users/shathamorales/Desktop/Coding-Dojo/java_stack/_java/JavaSpring/DisplayDate/DisplayDate/pom.xml.
2023-05-01 04:17:01,922 [Worker-4: Updating Maven Project] INFO  o.e.m.j.i.AbstractJavaProjectConfigurator - Adding source folder /DisplayDate/src/main/java
2023-05-01 04:17:01,922 [Worker-4: Updating Maven Project] INFO  o.e.m.j.i.AbstractJavaProjectConfigurator - Adding resource folder /DisplayDate/src/main/resources
2023-05-01 04:17:01,922 [Worker-4: Updating Maven Project] INFO  o.e.m.j.i.AbstractJavaProjectConfigurator - Adding resource folder /DisplayDate/src/main/resources
2023-05-01 04:17:01,923 [Worker-4: Updating Maven Project] INFO  o.e.m.j.i.AbstractJavaProjectConfigurator - Adding source folder /DisplayDate/src/test/java
2023-05-01 04:17:02,260 [Worker-4: Updating Maven Project] INFO  o.e.m.w.i.f.ResourceFilteringBuildParticipant - Cleaning filtered folder for DisplayDate
2023-05-01 04:17:02,265 [Worker-4: Updating Maven Project] INFO  o.e.m.c.i.p.ProjectConfigurationManager - Update completed: 1 sec
2023-05-01 04:17:02,581 [Worker-6: Building] INFO  o.a.m.s.f.DefaultMavenResourcesFiltering - Copying 1 resource from src/main/resources to target/classes
2023-05-01 04:17:02,615 [Worker-6: Building] INFO  o.a.m.s.f.DefaultMavenResourcesFiltering - Copying 0 resource from src/main/resources to target/classes
2023-05-01 04:17:02,622 [Worker-6: Building] INFO  o.a.m.s.f.DefaultMavenResourcesFiltering - skip non existing resourceDirectory /Users/shathamorales/Desktop/Coding-Dojo/java_stack/_java/JavaSpring/DisplayDate/DisplayDate/src/test/resources
2023-05-01 04:17:02,623 [Worker-6: Building] INFO  o.e.m.w.i.f.ResourceFilteringBuildParticipant - Changed resources require a complete clean of filtered resources of DisplayDate
2023-05-01 04:17:02,623 [Worker-6: Building] INFO  o.e.m.w.i.f.ResourceFilteringBuildParticipant - Executing resource filtering for DisplayDate
2023-05-01 04:17:10,047 [Worker-6: Cleaning all projects] INFO  o.e.m.w.i.f.ResourceFilteringBuildParticipant - Cleaning filtered folder for DisplayDate
2023-05-01 04:17:10,270 [Worker-2: Building] INFO  o.a.m.s.f.DefaultMavenResourcesFiltering - Copying 1 resource from src/main/resources to target/classes
2023-05-01 04:17:10,271 [Worker-2: Building] INFO  o.a.m.s.f.DefaultMavenResourcesFiltering - Copying 0 resource from src/main/resources to target/classes
2023-05-01 04:17:10,275 [Worker-2: Building] INFO  o.a.m.s.f.DefaultMavenResourcesFiltering - skip non existing resourceDirectory /Users/shathamorales/Desktop/Coding-Dojo/java_stack/_java/JavaSpring/DisplayDate/DisplayDate/src/test/resources
2023-05-01 04:17:10,275 [Worker-2: Building] INFO  o.e.m.w.i.f.ResourceFilteringBuildParticipant - Changed resources require a complete clean of filtered resources of DisplayDate
2023-05-01 04:17:10,276 [Worker-2: Building] INFO  o.e.m.w.i.f.ResourceFilteringBuildParticipant - Executing resource filtering for DisplayDate
2023-05-01 04:18:16,789 [Worker-5: Building] INFO  o.a.m.s.f.DefaultMavenResourcesFiltering - Copying 0 resource from src/main/resources to target/classes
2023-05-01 04:18:16,792 [Worker-5: Building] INFO  o.a.m.s.f.DefaultMavenResourcesFiltering - Copying 0 resource from src/main/resources to target/classes
2023-05-01 04:18:16,801 [Worker-5: Building] INFO  o.a.m.s.f.DefaultMavenResourcesFiltering - skip non existing resourceDirectory /Users/shathamorales/Desktop/Coding-Dojo/java_stack/_java/JavaSpring/DisplayDate/DisplayDate/src/test/resources
2023-05-01 04:19:06,590 [Worker-1: Building] INFO  o.a.m.s.f.DefaultMavenResourcesFiltering - Copying 1 resource from src/main/resources to target/classes
2023-05-01 04:19:06,599 [Worker-1: Building] INFO  o.a.m.s.f.DefaultMavenResourcesFiltering - Copying 0 resource from src/main/resources to target/classes
2023-05-01 04:19:06,610 [Worker-1: Building] INFO  o.a.m.s.f.DefaultMavenResourcesFiltering - skip non existing resourceDirectory /Users/shathamorales/Desktop/Coding-Dojo/java_stack/_java/JavaSpring/DisplayDate/DisplayDate/src/test/resources
2023-05-01 04:20:02,626 [Worker-17: Building] INFO  o.a.m.s.f.DefaultMavenResourcesFiltering - Copying 1 resource from src/main/resources to target/classes
2023-05-01 04:20:02,637 [Worker-17: Building] INFO  o.a.m.s.f.DefaultMavenResourcesFiltering - Copying 0 resource from src/main/resources to target/classes
2023-05-01 04:20:02,644 [Worker-17: Building] INFO  o.a.m.s.f.DefaultMavenResourcesFiltering - skip non existing resourceDirectory /Users/shathamorales/Desktop/Coding-Dojo/java_stack/_java/JavaSpring/DisplayDate/DisplayDate/src/test/resources
2023-05-01 04:44:18,201 [Worker-19: Building] INFO  o.a.m.s.f.DefaultMavenResourcesFiltering - Copying 0 resource from src/main/resources to target/classes
2023-05-01 04:44:18,203 [Worker-19: Building] INFO  o.a.m.s.f.DefaultMavenResourcesFiltering - Copying 0 resource from src/main/resources to target/classes
2023-05-01 04:44:18,208 [Worker-19: Building] INFO  o.a.m.s.f.DefaultMavenResourcesFiltering - skip non existing resourceDirectory /Users/shathamorales/Desktop/Coding-Dojo/java_stack/_java/JavaSpring/DisplayDate/DisplayDate/src/test/resources
2023-05-01 04:46:10,203 [Worker-6: Loading available Gradle versions] INFO  o.e.b.c.i.u.g.PublishedGradleVersions - Gradle version information cache is up-to-date. Trying to read.
2023-05-01 04:47:18,493 [Worker-3: Building] INFO  o.e.m.c.i.l.LifecycleMappingFactory - Using org.maven.ide.eclipse.wtp.WarLifecycleMapping lifecycle mapping for MavenProject: com.codingdojo.displaydate:DisplayDate:0.0.1-SNAPSHOT @ /Users/shathamorales/Desktop/Coding-Dojo/java_stack/_java/JavaSpring/DisplayDate/DisplayDate/pom.xml.
2023-05-01 04:47:20,390 [Worker-3: Building] INFO  o.a.m.s.f.DefaultMavenResourcesFiltering - Copying 1 resource from src/main/resources to target/classes
2023-05-01 04:47:20,413 [Worker-3: Building] INFO  o.a.m.s.f.DefaultMavenResourcesFiltering - Copying 0 resource from src/main/resources to target/classes
2023-05-01 04:47:20,420 [Worker-3: Building] INFO  o.a.m.s.f.DefaultMavenResourcesFiltering - skip non existing resourceDirectory /Users/shathamorales/Desktop/Coding-Dojo/java_stack/_java/JavaSpring/DisplayDate/DisplayDate/src/test/resources
2023-05-01 04:47:20,425 [Worker-3: Building] INFO  o.e.m.w.i.f.ResourceFilteringBuildParticipant - Changed resources require a complete clean of filtered resources of DisplayDate
2023-05-01 04:47:20,426 [Worker-3: Building] INFO  o.e.m.w.i.f.ResourceFilteringBuildParticipant - Executing resource filtering for DisplayDate
2023-05-01 04:47:46,182 [Worker-17: Building] INFO  o.e.m.c.i.l.LifecycleMappingFactory - Using org.maven.ide.eclipse.wtp.WarLifecycleMapping lifecycle mapping for MavenProject: com.codingdojo.displaydate:DisplayDate:0.0.1-SNAPSHOT @ /Users/shathamorales/Desktop/Coding-Dojo/java_stack/_java/JavaSpring/DisplayDate/DisplayDate/pom.xml.
2023-05-01 04:47:47,201 [Worker-17: Building] INFO  o.a.m.s.f.DefaultMavenResourcesFiltering - Copying 0 resource from src/main/resources to target/classes
2023-05-01 04:47:47,203 [Worker-17: Building] INFO  o.a.m.s.f.DefaultMavenResourcesFiltering - Copying 0 resource from src/main/resources to target/classes
2023-05-01 04:47:47,232 [Worker-17: Building] INFO  o.a.m.s.f.DefaultMavenResourcesFiltering - skip non existing resourceDirectory /Users/shathamorales/Desktop/Coding-Dojo/java_stack/_java/JavaSpring/DisplayDate/DisplayDate/src/test/resources
2023-05-01 04:47:47,233 [Worker-17: Building] INFO  o.e.m.w.i.f.ResourceFilteringBuildParticipant - Changed resources require a complete clean of filtered resources of DisplayDate
2023-05-01 04:47:47,233 [Worker-17: Building] INFO  o.e.m.w.i.f.ResourceFilteringBuildParticipant - Executing resource filtering for DisplayDate
2023-05-01 04:52:09,899 [Worker-16: Updating Maven Project] INFO  o.e.m.c.i.p.ProjectConfigurationManager - Update started
2023-05-01 04:52:10,247 [Worker-16: Updating Maven Project] INFO  o.e.m.c.i.l.LifecycleMappingFactory - Using org.maven.ide.eclipse.wtp.WarLifecycleMapping lifecycle mapping for MavenProject: com.codingdojo.displaydate:DisplayDate:0.0.1-SNAPSHOT @ /Users/shathamorales/Desktop/Coding-Dojo/java_stack/_java/JavaSpring/DisplayDate/DisplayDate/pom.xml.
2023-05-01 04:52:11,057 [Worker-16: Updating Maven Project] INFO  o.e.m.j.i.AbstractJavaProjectConfigurator - Adding source folder /DisplayDate/src/main/java
2023-05-01 04:52:11,058 [Worker-16: Updating Maven Project] INFO  o.e.m.j.i.AbstractJavaProjectConfigurator - Adding resource folder /DisplayDate/src/main/resources
2023-05-01 04:52:11,058 [Worker-16: Updating Maven Project] INFO  o.e.m.j.i.AbstractJavaProjectConfigurator - Adding resource folder /DisplayDate/src/main/resources
2023-05-01 04:52:11,059 [Worker-16: Updating Maven Project] INFO  o.e.m.j.i.AbstractJavaProjectConfigurator - Adding source folder /DisplayDate/src/test/java
2023-05-01 04:52:11,576 [Worker-16: Updating Maven Project] INFO  o.e.m.w.i.f.ResourceFilteringBuildParticipant - Cleaning filtered folder for DisplayDate
2023-05-01 04:52:11,585 [Worker-16: Updating Maven Project] INFO  o.e.m.c.i.p.ProjectConfigurationManager - Update completed: 1 sec
2023-05-01 04:52:12,023 [Worker-19: Building] INFO  o.a.m.s.f.DefaultMavenResourcesFiltering - Copying 1 resource from src/main/resources to target/classes
2023-05-01 04:52:12,064 [Worker-19: Building] INFO  o.a.m.s.f.DefaultMavenResourcesFiltering - Copying 0 resource from src/main/resources to target/classes
2023-05-01 04:52:12,071 [Worker-19: Building] INFO  o.a.m.s.f.DefaultMavenResourcesFiltering - skip non existing resourceDirectory /Users/shathamorales/Desktop/Coding-Dojo/java_stack/_java/JavaSpring/DisplayDate/DisplayDate/src/test/resources
2023-05-01 04:52:12,071 [Worker-19: Building] INFO  o.e.m.w.i.f.ResourceFilteringBuildParticipant - Changed resources require a complete clean of filtered resources of DisplayDate
2023-05-01 04:52:12,072 [Worker-19: Building] INFO  o.e.m.w.i.f.ResourceFilteringBuildParticipant - Executing resource filtering for DisplayDate
2023-05-01 04:52:15,714 [Worker-15: Cleaning all projects] INFO  o.e.m.w.i.f.ResourceFilteringBuildParticipant - Cleaning filtered folder for DisplayDate
2023-05-01 04:52:16,018 [Worker-19: Building] INFO  o.a.m.s.f.DefaultMavenResourcesFiltering - Copying 1 resource from src/main/resources to target/classes
2023-05-01 04:52:16,020 [Worker-19: Building] INFO  o.a.m.s.f.DefaultMavenResourcesFiltering - Copying 0 resource from src/main/resources to target/classes
2023-05-01 04:52:16,024 [Worker-19: Building] INFO  o.a.m.s.f.DefaultMavenResourcesFiltering - skip non existing resourceDirectory /Users/shathamorales/Desktop/Coding-Dojo/java_stack/_java/JavaSpring/DisplayDate/DisplayDate/src/test/resources
2023-05-01 04:52:16,025 [Worker-19: Building] INFO  o.e.m.w.i.f.ResourceFilteringBuildParticipant - Changed resources require a complete clean of filtered resources of DisplayDate
2023-05-01 04:52:16,025 [Worker-19: Building] INFO  o.e.m.w.i.f.ResourceFilteringBuildParticipant - Executing resource filtering for DisplayDate
2023-05-01 05:10:46,088 [Worker-0: Loading available Gradle versions] INFO  o.e.b.c.i.u.g.PublishedGradleVersions - Gradle version information cache is up-to-date. Trying to read.
2023-05-01 05:10:52,938 [Worker-1: Building] INFO  o.a.m.s.f.DefaultMavenResourcesFiltering - Copying 1 resource from src/main/resources to target/classes
2023-05-01 05:10:52,964 [Worker-1: Building] INFO  o.a.m.s.f.DefaultMavenResourcesFiltering - Copying 0 resource from src/main/resources to target/classes
2023-05-01 05:10:52,971 [Worker-1: Building] INFO  o.a.m.s.f.DefaultMavenResourcesFiltering - skip non existing resourceDirectory /Users/shathamorales/Desktop/Coding-Dojo/java_stack/_java/JavaSpring/DisplayDate/DisplayDate/src/test/resources
2023-05-01 05:11:16,069 [Worker-0: Updating Maven Project] INFO  o.e.m.c.i.p.ProjectConfigurationManager - Update started
2023-05-01 05:11:16,668 [Worker-0: Updating Maven Project] INFO  o.e.m.c.i.l.LifecycleMappingFactory - Using org.maven.ide.eclipse.wtp.WarLifecycleMapping lifecycle mapping for MavenProject: com.codingdojo.displaydate:DisplayDate:0.0.1-SNAPSHOT @ /Users/shathamorales/Desktop/Coding-Dojo/java_stack/_java/JavaSpring/DisplayDate/DisplayDate/pom.xml.
2023-05-01 05:11:17,771 [Worker-0: Updating Maven Project] INFO  o.e.m.j.i.AbstractJavaProjectConfigurator - Adding source folder /DisplayDate/src/main/java
2023-05-01 05:11:17,771 [Worker-0: Updating Maven Project] INFO  o.e.m.j.i.AbstractJavaProjectConfigurator - Adding resource folder /DisplayDate/src/main/resources
2023-05-01 05:11:17,772 [Worker-0: Updating Maven Project] INFO  o.e.m.j.i.AbstractJavaProjectConfigurator - Adding resource folder /DisplayDate/src/main/resources
2023-05-01 05:11:17,773 [Worker-0: Updating Maven Project] INFO  o.e.m.j.i.AbstractJavaProjectConfigurator - Adding source folder /DisplayDate/src/test/java
2023-05-01 05:11:18,333 [Worker-0: Updating Maven Project] INFO  o.e.m.w.i.f.ResourceFilteringBuildParticipant - Cleaning filtered folder for DisplayDate
2023-05-01 05:11:18,342 [Worker-0: Updating Maven Project] INFO  o.e.m.c.i.p.ProjectConfigurationManager - Update completed: 2 sec
2023-05-01 05:11:18,679 [Worker-8: Building] INFO  o.a.m.s.f.DefaultMavenResourcesFiltering - Copying 1 resource from src/main/resources to target/classes
2023-05-01 05:11:18,705 [Worker-8: Building] INFO  o.a.m.s.f.DefaultMavenResourcesFiltering - Copying 0 resource from src/main/resources to target/classes
2023-05-01 05:11:18,714 [Worker-8: Building] INFO  o.a.m.s.f.DefaultMavenResourcesFiltering - skip non existing resourceDirectory /Users/shathamorales/Desktop/Coding-Dojo/java_stack/_java/JavaSpring/DisplayDate/DisplayDate/src/test/resources
2023-05-01 05:11:18,714 [Worker-8: Building] INFO  o.e.m.w.i.f.ResourceFilteringBuildParticipant - Changed resources require a complete clean of filtered resources of DisplayDate
2023-05-01 05:11:18,715 [Worker-8: Building] INFO  o.e.m.w.i.f.ResourceFilteringBuildParticipant - Executing resource filtering for DisplayDate
2023-05-01 05:11:21,941 [Worker-5: Cleaning all projects] INFO  o.e.m.w.i.f.ResourceFilteringBuildParticipant - Cleaning filtered folder for DisplayDate
2023-05-01 05:11:22,507 [Worker-7: Building] INFO  o.a.m.s.f.DefaultMavenResourcesFiltering - Copying 1 resource from src/main/resources to target/classes
2023-05-01 05:11:22,511 [Worker-7: Building] INFO  o.a.m.s.f.DefaultMavenResourcesFiltering - Copying 0 resource from src/main/resources to target/classes
2023-05-01 05:11:22,520 [Worker-7: Building] INFO  o.a.m.s.f.DefaultMavenResourcesFiltering - skip non existing resourceDirectory /Users/shathamorales/Desktop/Coding-Dojo/java_stack/_java/JavaSpring/DisplayDate/DisplayDate/src/test/resources
2023-05-01 05:11:22,520 [Worker-7: Building] INFO  o.e.m.w.i.f.ResourceFilteringBuildParticipant - Changed resources require a complete clean of filtered resources of DisplayDate
2023-05-01 05:11:22,520 [Worker-7: Building] INFO  o.e.m.w.i.f.ResourceFilteringBuildParticipant - Executing resource filtering for DisplayDate
2023-05-01 05:12:29,792 [Worker-6: Building] INFO  o.a.m.s.f.DefaultMavenResourcesFiltering - Copying 0 resource from src/main/resources to target/classes
2023-05-01 05:12:29,793 [Worker-6: Building] INFO  o.a.m.s.f.DefaultMavenResourcesFiltering - Copying 0 resource from src/main/resources to target/classes
2023-05-01 05:12:29,802 [Worker-6: Building] INFO  o.a.m.s.f.DefaultMavenResourcesFiltering - skip non existing resourceDirectory /Users/shathamorales/Desktop/Coding-Dojo/java_stack/_java/JavaSpring/DisplayDate/DisplayDate/src/test/resources
2023-05-01 05:12:45,952 [Worker-5: Building] INFO  o.a.m.s.f.DefaultMavenResourcesFiltering - Copying 0 resource from src/main/resources to target/classes
2023-05-01 05:12:45,952 [Worker-5: Building] INFO  o.a.m.s.f.DefaultMavenResourcesFiltering - Copying 0 resource from src/main/resources to target/classes
2023-05-01 05:12:45,959 [Worker-5: Building] INFO  o.a.m.s.f.DefaultMavenResourcesFiltering - skip non existing resourceDirectory /Users/shathamorales/Desktop/Coding-Dojo/java_stack/_java/JavaSpring/DisplayDate/DisplayDate/src/test/resources
2023-05-01 05:13:18,376 [Worker-3: Building] INFO  o.a.m.s.f.DefaultMavenResourcesFiltering - Copying 0 resource from src/main/resources to target/classes
2023-05-01 05:13:18,377 [Worker-3: Building] INFO  o.a.m.s.f.DefaultMavenResourcesFiltering - Copying 0 resource from src/main/resources to target/classes
2023-05-01 05:13:18,381 [Worker-3: Building] INFO  o.a.m.s.f.DefaultMavenResourcesFiltering - skip non existing resourceDirectory /Users/shathamorales/Desktop/Coding-Dojo/java_stack/_java/JavaSpring/DisplayDate/DisplayDate/src/test/resources
2023-05-01 05:13:21,265 [Worker-5: Building] INFO  o.a.m.s.f.DefaultMavenResourcesFiltering - Copying 0 resource from src/main/resources to target/classes
2023-05-01 05:13:21,266 [Worker-5: Building] INFO  o.a.m.s.f.DefaultMavenResourcesFiltering - Copying 0 resource from src/main/resources to target/classes
2023-05-01 05:13:21,271 [Worker-5: Building] INFO  o.a.m.s.f.DefaultMavenResourcesFiltering - skip non existing resourceDirectory /Users/shathamorales/Desktop/Coding-Dojo/java_stack/_java/JavaSpring/DisplayDate/DisplayDate/src/test/resources
2023-05-01 05:13:43,832 [Worker-10: Updating Maven Project] INFO  o.e.m.c.i.p.ProjectConfigurationManager - Update started
2023-05-01 05:13:44,246 [Worker-10: Updating Maven Project] INFO  o.e.m.c.i.l.LifecycleMappingFactory - Using org.maven.ide.eclipse.wtp.WarLifecycleMapping lifecycle mapping for MavenProject: com.codingdojo.displaydate:DisplayDate:0.0.1-SNAPSHOT @ /Users/shathamorales/Desktop/Coding-Dojo/java_stack/_java/JavaSpring/DisplayDate/DisplayDate/pom.xml.
2023-05-01 05:13:44,932 [Worker-10: Updating Maven Project] INFO  o.e.m.j.i.AbstractJavaProjectConfigurator - Adding source folder /DisplayDate/src/main/java
2023-05-01 05:13:44,933 [Worker-10: Updating Maven Project] INFO  o.e.m.j.i.AbstractJavaProjectConfigurator - Adding resource folder /DisplayDate/src/main/resources
2023-05-01 05:13:44,933 [Worker-10: Updating Maven Project] INFO  o.e.m.j.i.AbstractJavaProjectConfigurator - Adding resource folder /DisplayDate/src/main/resources
2023-05-01 05:13:44,934 [Worker-10: Updating Maven Project] INFO  o.e.m.j.i.AbstractJavaProjectConfigurator - Adding source folder /DisplayDate/src/test/java
2023-05-01 05:13:45,255 [Worker-10: Updating Maven Project] INFO  o.e.m.w.i.f.ResourceFilteringBuildParticipant - Cleaning filtered folder for DisplayDate
2023-05-01 05:13:45,260 [Worker-10: Updating Maven Project] INFO  o.e.m.c.i.p.ProjectConfigurationManager - Update completed: 1 sec
2023-05-01 05:13:45,663 [Worker-2: Building] INFO  o.a.m.s.f.DefaultMavenResourcesFiltering - Copying 1 resource from src/main/resources to target/classes
2023-05-01 05:13:45,694 [Worker-2: Building] INFO  o.a.m.s.f.DefaultMavenResourcesFiltering - Copying 0 resource from src/main/resources to target/classes
2023-05-01 05:13:45,699 [Worker-2: Building] INFO  o.a.m.s.f.DefaultMavenResourcesFiltering - skip non existing resourceDirectory /Users/shathamorales/Desktop/Coding-Dojo/java_stack/_java/JavaSpring/DisplayDate/DisplayDate/src/test/resources
2023-05-01 05:13:45,699 [Worker-2: Building] INFO  o.e.m.w.i.f.ResourceFilteringBuildParticipant - Changed resources require a complete clean of filtered resources of DisplayDate
2023-05-01 05:13:45,699 [Worker-2: Building] INFO  o.e.m.w.i.f.ResourceFilteringBuildParticipant - Executing resource filtering for DisplayDate
2023-05-01 05:13:50,348 [Worker-6: Cleaning all projects] INFO  o.e.m.w.i.f.ResourceFilteringBuildParticipant - Cleaning filtered folder for DisplayDate
2023-05-01 05:13:50,534 [Worker-8: Building] INFO  o.a.m.s.f.DefaultMavenResourcesFiltering - Copying 1 resource from src/main/resources to target/classes
2023-05-01 05:13:50,536 [Worker-8: Building] INFO  o.a.m.s.f.DefaultMavenResourcesFiltering - Copying 0 resource from src/main/resources to target/classes
2023-05-01 05:13:50,539 [Worker-8: Building] INFO  o.a.m.s.f.DefaultMavenResourcesFiltering - skip non existing resourceDirectory /Users/shathamorales/Desktop/Coding-Dojo/java_stack/_java/JavaSpring/DisplayDate/DisplayDate/src/test/resources
2023-05-01 05:13:50,540 [Worker-8: Building] INFO  o.e.m.w.i.f.ResourceFilteringBuildParticipant - Changed resources require a complete clean of filtered resources of DisplayDate
2023-05-01 05:13:50,540 [Worker-8: Building] INFO  o.e.m.w.i.f.ResourceFilteringBuildParticipant - Executing resource filtering for DisplayDate
2023-05-01 05:14:13,673 [Worker-9: Building] INFO  o.a.m.s.f.DefaultMavenResourcesFiltering - Copying 0 resource from src/main/resources to target/classes
2023-05-01 05:14:13,675 [Worker-9: Building] INFO  o.a.m.s.f.DefaultMavenResourcesFiltering - Copying 0 resource from src/main/resources to target/classes
2023-05-01 05:14:13,682 [Worker-9: Building] INFO  o.a.m.s.f.DefaultMavenResourcesFiltering - skip non existing resourceDirectory /Users/shathamorales/Desktop/Coding-Dojo/java_stack/_java/JavaSpring/DisplayDate/DisplayDate/src/test/resources
2023-05-01 05:14:58,590 [Worker-8: Updating Maven Project] INFO  o.e.m.c.i.p.ProjectConfigurationManager - Update started
2023-05-01 05:14:58,881 [Worker-8: Updating Maven Project] INFO  o.e.m.c.i.l.LifecycleMappingFactory - Using org.maven.ide.eclipse.wtp.WarLifecycleMapping lifecycle mapping for MavenProject: com.codingdojo.displaydate:DisplayDate:0.0.1-SNAPSHOT @ /Users/shathamorales/Desktop/Coding-Dojo/java_stack/_java/JavaSpring/DisplayDate/DisplayDate/pom.xml.
2023-05-01 05:14:59,408 [Worker-8: Updating Maven Project] INFO  o.e.m.j.i.AbstractJavaProjectConfigurator - Adding source folder /DisplayDate/src/main/java
2023-05-01 05:14:59,408 [Worker-8: Updating Maven Project] INFO  o.e.m.j.i.AbstractJavaProjectConfigurator - Adding resource folder /DisplayDate/src/main/resources
2023-05-01 05:14:59,409 [Worker-8: Updating Maven Project] INFO  o.e.m.j.i.AbstractJavaProjectConfigurator - Adding resource folder /DisplayDate/src/main/resources
2023-05-01 05:14:59,409 [Worker-8: Updating Maven Project] INFO  o.e.m.j.i.AbstractJavaProjectConfigurator - Adding source folder /DisplayDate/src/test/java
2023-05-01 05:14:59,720 [Worker-8: Updating Maven Project] INFO  o.e.m.w.i.f.ResourceFilteringBuildParticipant - Cleaning filtered folder for DisplayDate
2023-05-01 05:14:59,726 [Worker-8: Updating Maven Project] INFO  o.e.m.c.i.p.ProjectConfigurationManager - Update completed: 1 sec
2023-05-01 05:14:59,995 [Worker-8: Building] INFO  o.a.m.s.f.DefaultMavenResourcesFiltering - Copying 1 resource from src/main/resources to target/classes
2023-05-01 05:15:00,029 [Worker-8: Building] INFO  o.a.m.s.f.DefaultMavenResourcesFiltering - Copying 0 resource from src/main/resources to target/classes
2023-05-01 05:15:00,033 [Worker-8: Building] INFO  o.a.m.s.f.DefaultMavenResourcesFiltering - skip non existing resourceDirectory /Users/shathamorales/Desktop/Coding-Dojo/java_stack/_java/JavaSpring/DisplayDate/DisplayDate/src/test/resources
2023-05-01 05:15:00,034 [Worker-8: Building] INFO  o.e.m.w.i.f.ResourceFilteringBuildParticipant - Changed resources require a complete clean of filtered resources of DisplayDate
2023-05-01 05:15:00,034 [Worker-8: Building] INFO  o.e.m.w.i.f.ResourceFilteringBuildParticipant - Executing resource filtering for DisplayDate
2023-05-01 05:15:06,889 [Worker-3: Cleaning all projects] INFO  o.e.m.w.i.f.ResourceFilteringBuildParticipant - Cleaning filtered folder for DisplayDate
2023-05-01 05:15:07,113 [Worker-7: Building] INFO  o.a.m.s.f.DefaultMavenResourcesFiltering - Copying 1 resource from src/main/resources to target/classes
2023-05-01 05:15:07,114 [Worker-7: Building] INFO  o.a.m.s.f.DefaultMavenResourcesFiltering - Copying 0 resource from src/main/resources to target/classes
2023-05-01 05:15:07,118 [Worker-7: Building] INFO  o.a.m.s.f.DefaultMavenResourcesFiltering - skip non existing resourceDirectory /Users/shathamorales/Desktop/Coding-Dojo/java_stack/_java/JavaSpring/DisplayDate/DisplayDate/src/test/resources
2023-05-01 05:15:07,118 [Worker-7: Building] INFO  o.e.m.w.i.f.ResourceFilteringBuildParticipant - Changed resources require a complete clean of filtered resources of DisplayDate
2023-05-01 05:15:07,118 [Worker-7: Building] INFO  o.e.m.w.i.f.ResourceFilteringBuildParticipant - Executing resource filtering for DisplayDate
2023-05-01 05:16:02,433 [Worker-9: Building] INFO  o.a.m.s.f.DefaultMavenResourcesFiltering - Copying 0 resource from src/main/resources to target/classes
2023-05-01 05:16:02,435 [Worker-9: Building] INFO  o.a.m.s.f.DefaultMavenResourcesFiltering - Copying 0 resource from src/main/resources to target/classes
2023-05-01 05:16:02,439 [Worker-9: Building] INFO  o.a.m.s.f.DefaultMavenResourcesFiltering - skip non existing resourceDirectory /Users/shathamorales/Desktop/Coding-Dojo/java_stack/_java/JavaSpring/DisplayDate/DisplayDate/src/test/resources
2023-05-01 05:16:10,583 [Worker-6: Building] INFO  o.a.m.s.f.DefaultMavenResourcesFiltering - Copying 0 resource from src/main/resources to target/classes
2023-05-01 05:16:10,584 [Worker-6: Building] INFO  o.a.m.s.f.DefaultMavenResourcesFiltering - Copying 0 resource from src/main/resources to target/classes
2023-05-01 05:16:10,591 [Worker-6: Building] INFO  o.a.m.s.f.DefaultMavenResourcesFiltering - skip non existing resourceDirectory /Users/shathamorales/Desktop/Coding-Dojo/java_stack/_java/JavaSpring/DisplayDate/DisplayDate/src/test/resources
2023-05-01 05:16:58,820 [Worker-1: Building] INFO  o.a.m.s.f.DefaultMavenResourcesFiltering - Copying 1 resource from src/main/resources to target/classes
2023-05-01 05:16:58,830 [Worker-1: Building] INFO  o.a.m.s.f.DefaultMavenResourcesFiltering - Copying 0 resource from src/main/resources to target/classes
2023-05-01 05:16:58,834 [Worker-1: Building] INFO  o.a.m.s.f.DefaultMavenResourcesFiltering - skip non existing resourceDirectory /Users/shathamorales/Desktop/Coding-Dojo/java_stack/_java/JavaSpring/DisplayDate/DisplayDate/src/test/resources
2023-05-01 05:17:10,547 [Worker-7: Building] INFO  o.a.m.s.f.DefaultMavenResourcesFiltering - Copying 1 resource from src/main/resources to target/classes
2023-05-01 05:17:10,552 [Worker-7: Building] INFO  o.a.m.s.f.DefaultMavenResourcesFiltering - Copying 0 resource from src/main/resources to target/classes
2023-05-01 05:17:10,555 [Worker-7: Building] INFO  o.a.m.s.f.DefaultMavenResourcesFiltering - skip non existing resourceDirectory /Users/shathamorales/Desktop/Coding-Dojo/java_stack/_java/JavaSpring/DisplayDate/DisplayDate/src/test/resources
2023-05-01 05:20:07,362 [Worker-12: Building] INFO  o.a.m.s.f.DefaultMavenResourcesFiltering - Copying 0 resource from src/main/resources to target/classes
2023-05-01 05:20:07,364 [Worker-12: Building] INFO  o.a.m.s.f.DefaultMavenResourcesFiltering - Copying 0 resource from src/main/resources to target/classes
2023-05-01 05:20:07,370 [Worker-12: Building] INFO  o.a.m.s.f.DefaultMavenResourcesFiltering - skip non existing resourceDirectory /Users/shathamorales/Desktop/Coding-Dojo/java_stack/_java/JavaSpring/DisplayDate/DisplayDate/src/test/resources
2023-05-01 05:21:04,467 [Worker-6: Building] INFO  o.a.m.s.f.DefaultMavenResourcesFiltering - Copying 0 resource from src/main/resources to target/classes
2023-05-01 05:21:04,467 [Worker-6: Building] INFO  o.a.m.s.f.DefaultMavenResourcesFiltering - Copying 0 resource from src/main/resources to target/classes
2023-05-01 05:21:04,471 [Worker-6: Building] INFO  o.a.m.s.f.DefaultMavenResourcesFiltering - skip non existing resourceDirectory /Users/shathamorales/Desktop/Coding-Dojo/java_stack/_java/JavaSpring/DisplayDate/DisplayDate/src/test/resources
2023-05-01 05:21:09,701 [Worker-0: Building] INFO  o.a.m.s.f.DefaultMavenResourcesFiltering - Copying 0 resource from src/main/resources to target/classes
2023-05-01 05:21:09,702 [Worker-0: Building] INFO  o.a.m.s.f.DefaultMavenResourcesFiltering - Copying 0 resource from src/main/resources to target/classes
2023-05-01 05:21:09,706 [Worker-0: Building] INFO  o.a.m.s.f.DefaultMavenResourcesFiltering - skip non existing resourceDirectory /Users/shathamorales/Desktop/Coding-Dojo/java_stack/_java/JavaSpring/DisplayDate/DisplayDate/src/test/resources
2023-05-01 05:22:28,464 [Worker-0: Building] INFO  o.a.m.s.f.DefaultMavenResourcesFiltering - Copying 0 resource from src/main/resources to target/classes
2023-05-01 05:22:28,466 [Worker-0: Building] INFO  o.a.m.s.f.DefaultMavenResourcesFiltering - Copying 0 resource from src/main/resources to target/classes
2023-05-01 05:22:28,469 [Worker-0: Building] INFO  o.a.m.s.f.DefaultMavenResourcesFiltering - skip non existing resourceDirectory /Users/shathamorales/Desktop/Coding-Dojo/java_stack/_java/JavaSpring/DisplayDate/DisplayDate/src/test/resources
2023-05-01 05:22:38,162 [Worker-0: Building] INFO  o.a.m.s.f.DefaultMavenResourcesFiltering - Copying 0 resource from src/main/resources to target/classes
2023-05-01 05:22:38,162 [Worker-0: Building] INFO  o.a.m.s.f.DefaultMavenResourcesFiltering - Copying 0 resource from src/main/resources to target/classes
2023-05-01 05:22:38,165 [Worker-0: Building] INFO  o.a.m.s.f.DefaultMavenResourcesFiltering - skip non existing resourceDirectory /Users/shathamorales/Desktop/Coding-Dojo/java_stack/_java/JavaSpring/DisplayDate/DisplayDate/src/test/resources
2023-05-01 05:24:25,336 [Worker-12: Building] INFO  o.a.m.s.f.DefaultMavenResourcesFiltering - Copying 0 resource from src/main/resources to target/classes
2023-05-01 05:24:25,337 [Worker-12: Building] INFO  o.a.m.s.f.DefaultMavenResourcesFiltering - Copying 0 resource from src/main/resources to target/classes
2023-05-01 05:24:25,341 [Worker-12: Building] INFO  o.a.m.s.f.DefaultMavenResourcesFiltering - skip non existing resourceDirectory /Users/shathamorales/Desktop/Coding-Dojo/java_stack/_java/JavaSpring/DisplayDate/DisplayDate/src/test/resources
2023-05-01 05:24:34,415 [Worker-0: Building] INFO  o.a.m.s.f.DefaultMavenResourcesFiltering - Copying 0 resource from src/main/resources to target/classes
2023-05-01 05:24:34,416 [Worker-0: Building] INFO  o.a.m.s.f.DefaultMavenResourcesFiltering - Copying 0 resource from src/main/resources to target/classes
2023-05-01 05:24:34,419 [Worker-0: Building] INFO  o.a.m.s.f.DefaultMavenResourcesFiltering - skip non existing resourceDirectory /Users/shathamorales/Desktop/Coding-Dojo/java_stack/_java/JavaSpring/DisplayDate/DisplayDate/src/test/resources
2023-05-01 05:24:53,851 [Worker-15: Building] INFO  o.a.m.s.f.DefaultMavenResourcesFiltering - Copying 0 resource from src/main/resources to target/classes
2023-05-01 05:24:53,852 [Worker-15: Building] INFO  o.a.m.s.f.DefaultMavenResourcesFiltering - Copying 0 resource from src/main/resources to target/classes
2023-05-01 05:24:53,855 [Worker-15: Building] INFO  o.a.m.s.f.DefaultMavenResourcesFiltering - skip non existing resourceDirectory /Users/shathamorales/Desktop/Coding-Dojo/java_stack/_java/JavaSpring/DisplayDate/DisplayDate/src/test/resources
2023-05-01 05:25:28,186 [Worker-15: Building] INFO  o.a.m.s.f.DefaultMavenResourcesFiltering - Copying 0 resource from src/main/resources to target/classes
2023-05-01 05:25:28,186 [Worker-15: Building] INFO  o.a.m.s.f.DefaultMavenResourcesFiltering - Copying 0 resource from src/main/resources to target/classes
2023-05-01 05:25:28,189 [Worker-15: Building] INFO  o.a.m.s.f.DefaultMavenResourcesFiltering - skip non existing resourceDirectory /Users/shathamorales/Desktop/Coding-Dojo/java_stack/_java/JavaSpring/DisplayDate/DisplayDate/src/test/resources
2023-05-01 05:25:29,263 [Worker-0: Building] INFO  o.a.m.s.f.DefaultMavenResourcesFiltering - Copying 0 resource from src/main/resources to target/classes
2023-05-01 05:25:29,264 [Worker-0: Building] INFO  o.a.m.s.f.DefaultMavenResourcesFiltering - Copying 0 resource from src/main/resources to target/classes
2023-05-01 05:25:29,270 [Worker-0: Building] INFO  o.a.m.s.f.DefaultMavenResourcesFiltering - skip non existing resourceDirectory /Users/shathamorales/Desktop/Coding-Dojo/java_stack/_java/JavaSpring/DisplayDate/DisplayDate/src/test/resources
2023-05-01 05:25:37,541 [Worker-15: Building] INFO  o.a.m.s.f.DefaultMavenResourcesFiltering - Copying 0 resource from src/main/resources to target/classes
2023-05-01 05:25:37,542 [Worker-15: Building] INFO  o.a.m.s.f.DefaultMavenResourcesFiltering - Copying 1 resource from src/main/resources to target/classes
2023-05-01 05:25:37,552 [Worker-15: Building] INFO  o.a.m.s.f.DefaultMavenResourcesFiltering - skip non existing resourceDirectory /Users/shathamorales/Desktop/Coding-Dojo/java_stack/_java/JavaSpring/DisplayDate/DisplayDate/src/test/resources
2023-05-01 05:25:41,033 [Worker-16: Building] INFO  o.a.m.s.f.DefaultMavenResourcesFiltering - Copying 0 resource from src/main/resources to target/classes
2023-05-01 05:25:41,034 [Worker-16: Building] INFO  o.a.m.s.f.DefaultMavenResourcesFiltering - Copying 1 resource from src/main/resources to target/classes
2023-05-01 05:25:41,039 [Worker-16: Building] INFO  o.a.m.s.f.DefaultMavenResourcesFiltering - skip non existing resourceDirectory /Users/shathamorales/Desktop/Coding-Dojo/java_stack/_java/JavaSpring/DisplayDate/DisplayDate/src/test/resources
2023-05-01 05:26:55,757 [Worker-14: Building] INFO  o.a.m.s.f.DefaultMavenResourcesFiltering - Copying 0 resource from src/main/resources to target/classes
2023-05-01 05:26:55,759 [Worker-14: Building] INFO  o.a.m.s.f.DefaultMavenResourcesFiltering - Copying 1 resource from src/main/resources to target/classes
2023-05-01 05:26:55,764 [Worker-14: Building] INFO  o.a.m.s.f.DefaultMavenResourcesFiltering - skip non existing resourceDirectory /Users/shathamorales/Desktop/Coding-Dojo/java_stack/_java/JavaSpring/DisplayDate/DisplayDate/src/test/resources
2023-05-01 05:28:25,478 [Worker-11: Building] INFO  o.a.m.s.f.DefaultMavenResourcesFiltering - Copying 0 resource from src/main/resources to target/classes
2023-05-01 05:28:25,480 [Worker-11: Building] INFO  o.a.m.s.f.DefaultMavenResourcesFiltering - Copying 0 resource from src/main/resources to target/classes
2023-05-01 05:28:25,483 [Worker-11: Building] INFO  o.a.m.s.f.DefaultMavenResourcesFiltering - skip non existing resourceDirectory /Users/shathamorales/Desktop/Coding-Dojo/java_stack/_java/JavaSpring/DisplayDate/DisplayDate/src/test/resources
2023-05-01 05:28:28,741 [Worker-11: Building] INFO  o.a.m.s.f.DefaultMavenResourcesFiltering - Copying 0 resource from src/main/resources to target/classes
2023-05-01 05:28:28,742 [Worker-11: Building] INFO  o.a.m.s.f.DefaultMavenResourcesFiltering - Copying 0 resource from src/main/resources to target/classes
2023-05-01 05:28:28,745 [Worker-11: Building] INFO  o.a.m.s.f.DefaultMavenResourcesFiltering - skip non existing resourceDirectory /Users/shathamorales/Desktop/Coding-Dojo/java_stack/_java/JavaSpring/DisplayDate/DisplayDate/src/test/resources
2023-05-01 05:28:33,418 [Worker-11: Building] INFO  o.a.m.s.f.DefaultMavenResourcesFiltering - Copying 0 resource from src/main/resources to target/classes
2023-05-01 05:28:33,420 [Worker-11: Building] INFO  o.a.m.s.f.DefaultMavenResourcesFiltering - Copying 0 resource from src/main/resources to target/classes
2023-05-01 05:28:33,423 [Worker-11: Building] INFO  o.a.m.s.f.DefaultMavenResourcesFiltering - skip non existing resourceDirectory /Users/shathamorales/Desktop/Coding-Dojo/java_stack/_java/JavaSpring/DisplayDate/DisplayDate/src/test/resources
2023-05-01 05:28:59,712 [Worker-11: Building] INFO  o.a.m.s.f.DefaultMavenResourcesFiltering - Copying 0 resource from src/main/resources to target/classes
2023-05-01 05:28:59,712 [Worker-11: Building] INFO  o.a.m.s.f.DefaultMavenResourcesFiltering - Copying 0 resource from src/main/resources to target/classes
2023-05-01 05:28:59,715 [Worker-11: Building] INFO  o.a.m.s.f.DefaultMavenResourcesFiltering - skip non existing resourceDirectory /Users/shathamorales/Desktop/Coding-Dojo/java_stack/_java/JavaSpring/DisplayDate/DisplayDate/src/test/resources
2023-05-01 05:29:16,051 [Worker-12: Building] INFO  o.a.m.s.f.DefaultMavenResourcesFiltering - Copying 0 resource from src/main/resources to target/classes
2023-05-01 05:29:16,051 [Worker-12: Building] INFO  o.a.m.s.f.DefaultMavenResourcesFiltering - Copying 0 resource from src/main/resources to target/classes
2023-05-01 05:29:16,054 [Worker-12: Building] INFO  o.a.m.s.f.DefaultMavenResourcesFiltering - skip non existing resourceDirectory /Users/shathamorales/Desktop/Coding-Dojo/java_stack/_java/JavaSpring/DisplayDate/DisplayDate/src/test/resources
2023-05-01 05:29:33,066 [Worker-17: Launching DisplayDate - DisplayDateApplication] INFO  o.a.m.s.f.DefaultMavenResourcesFiltering - Copying 0 resource from src/main/resources to target/classes
2023-05-01 05:29:33,068 [Worker-17: Launching DisplayDate - DisplayDateApplication] INFO  o.a.m.s.f.DefaultMavenResourcesFiltering - Copying 0 resource from src/main/resources to target/classes
2023-05-01 05:29:33,075 [Worker-17: Launching DisplayDate - DisplayDateApplication] INFO  o.a.m.s.f.DefaultMavenResourcesFiltering - skip non existing resourceDirectory /Users/shathamorales/Desktop/Coding-Dojo/java_stack/_java/JavaSpring/DisplayDate/DisplayDate/src/test/resources
2023-05-01 05:30:14,269 [Worker-0: Building] INFO  o.a.m.s.f.DefaultMavenResourcesFiltering - Copying 0 resource from src/main/resources to target/classes
2023-05-01 05:30:14,269 [Worker-0: Building] INFO  o.a.m.s.f.DefaultMavenResourcesFiltering - Copying 0 resource from src/main/resources to target/classes
2023-05-01 05:30:14,272 [Worker-0: Building] INFO  o.a.m.s.f.DefaultMavenResourcesFiltering - skip non existing resourceDirectory /Users/shathamorales/Desktop/Coding-Dojo/java_stack/_java/JavaSpring/DisplayDate/DisplayDate/src/test/resources
2023-05-01 05:30:55,773 [Worker-0: Building] INFO  o.a.m.s.f.DefaultMavenResourcesFiltering - Copying 0 resource from src/main/resources to target/classes
2023-05-01 05:30:55,773 [Worker-0: Building] INFO  o.a.m.s.f.DefaultMavenResourcesFiltering - Copying 1 resource from src/main/resources to target/classes
2023-05-01 05:30:55,776 [Worker-0: Building] INFO  o.a.m.s.f.DefaultMavenResourcesFiltering - skip non existing resourceDirectory /Users/shathamorales/Desktop/Coding-Dojo/java_stack/_java/JavaSpring/DisplayDate/DisplayDate/src/test/resources
2023-05-01 05:31:32,498 [Worker-11: Building] INFO  o.a.m.s.f.DefaultMavenResourcesFiltering - Copying 0 resource from src/main/resources to target/classes
2023-05-01 05:31:32,499 [Worker-11: Building] INFO  o.a.m.s.f.DefaultMavenResourcesFiltering - Copying 1 resource from src/main/resources to target/classes
2023-05-01 05:31:32,503 [Worker-11: Building] INFO  o.a.m.s.f.DefaultMavenResourcesFiltering - skip non existing resourceDirectory /Users/shathamorales/Desktop/Coding-Dojo/java_stack/_java/JavaSpring/DisplayDate/DisplayDate/src/test/resources
2023-05-01 05:32:35,899 [Worker-0: Building] INFO  o.a.m.s.f.DefaultMavenResourcesFiltering - Copying 0 resource from src/main/resources to target/classes
2023-05-01 05:32:35,901 [Worker-0: Building] INFO  o.a.m.s.f.DefaultMavenResourcesFiltering - Copying 1 resource from src/main/resources to target/classes
2023-05-01 05:32:35,905 [Worker-0: Building] INFO  o.a.m.s.f.DefaultMavenResourcesFiltering - skip non existing resourceDirectory /Users/shathamorales/Desktop/Coding-Dojo/java_stack/_java/JavaSpring/DisplayDate/DisplayDate/src/test/resources
2023-05-01 05:32:44,217 [Worker-12: Building] INFO  o.a.m.s.f.DefaultMavenResourcesFiltering - Copying 0 resource from src/main/resources to target/classes
2023-05-01 05:32:44,217 [Worker-12: Building] INFO  o.a.m.s.f.DefaultMavenResourcesFiltering - Copying 1 resource from src/main/resources to target/classes
2023-05-01 05:32:44,221 [Worker-12: Building] INFO  o.a.m.s.f.DefaultMavenResourcesFiltering - skip non existing resourceDirectory /Users/shathamorales/Desktop/Coding-Dojo/java_stack/_java/JavaSpring/DisplayDate/DisplayDate/src/test/resources
2023-05-01 05:33:32,920 [Worker-14: Building] INFO  o.a.m.s.f.DefaultMavenResourcesFiltering - Copying 0 resource from src/main/resources to target/classes
2023-05-01 05:33:32,921 [Worker-14: Building] INFO  o.a.m.s.f.DefaultMavenResourcesFiltering - Copying 1 resource from src/main/resources to target/classes
2023-05-01 05:33:32,926 [Worker-14: Building] INFO  o.a.m.s.f.DefaultMavenResourcesFiltering - skip non existing resourceDirectory /Users/shathamorales/Desktop/Coding-Dojo/java_stack/_java/JavaSpring/DisplayDate/DisplayDate/src/test/resources
2023-05-01 05:34:53,407 [Worker-16: Building] INFO  o.a.m.s.f.DefaultMavenResourcesFiltering - Copying 0 resource from src/main/resources to target/classes
2023-05-01 05:34:53,409 [Worker-16: Building] INFO  o.a.m.s.f.DefaultMavenResourcesFiltering - Copying 1 resource from src/main/resources to target/classes
2023-05-01 05:34:53,412 [Worker-16: Building] INFO  o.a.m.s.f.DefaultMavenResourcesFiltering - skip non existing resourceDirectory /Users/shathamorales/Desktop/Coding-Dojo/java_stack/_java/JavaSpring/DisplayDate/DisplayDate/src/test/resources
2023-05-01 05:35:25,911 [Worker-14: Building] INFO  o.a.m.s.f.DefaultMavenResourcesFiltering - Copying 0 resource from src/main/resources to target/classes
2023-05-01 05:35:25,913 [Worker-14: Building] INFO  o.a.m.s.f.DefaultMavenResourcesFiltering - Copying 1 resource from src/main/resources to target/classes
2023-05-01 05:35:25,917 [Worker-14: Building] INFO  o.a.m.s.f.DefaultMavenResourcesFiltering - skip non existing resourceDirectory /Users/shathamorales/Desktop/Coding-Dojo/java_stack/_java/JavaSpring/DisplayDate/DisplayDate/src/test/resources
2023-05-01 05:36:16,599 [Worker-0: Building] INFO  o.a.m.s.f.DefaultMavenResourcesFiltering - Copying 0 resource from src/main/resources to target/classes
2023-05-01 05:36:16,600 [Worker-0: Building] INFO  o.a.m.s.f.DefaultMavenResourcesFiltering - Copying 1 resource from src/main/resources to target/classes
2023-05-01 05:36:16,604 [Worker-0: Building] INFO  o.a.m.s.f.DefaultMavenResourcesFiltering - skip non existing resourceDirectory /Users/shathamorales/Desktop/Coding-Dojo/java_stack/_java/JavaSpring/DisplayDate/DisplayDate/src/test/resources
2023-05-01 05:36:42,922 [Worker-15: Building] INFO  o.a.m.s.f.DefaultMavenResourcesFiltering - Copying 0 resource from src/main/resources to target/classes
2023-05-01 05:36:42,924 [Worker-15: Building] INFO  o.a.m.s.f.DefaultMavenResourcesFiltering - Copying 0 resource from src/main/resources to target/classes
2023-05-01 05:36:42,927 [Worker-15: Building] INFO  o.a.m.s.f.DefaultMavenResourcesFiltering - skip non existing resourceDirectory /Users/shathamorales/Desktop/Coding-Dojo/java_stack/_java/JavaSpring/DisplayDate/DisplayDate/src/test/resources
2023-05-01 05:38:53,947 [Worker-19: Building] INFO  o.a.m.s.f.DefaultMavenResourcesFiltering - Copying 0 resource from src/main/resources to target/classes
2023-05-01 05:38:53,949 [Worker-19: Building] INFO  o.a.m.s.f.DefaultMavenResourcesFiltering - Copying 1 resource from src/main/resources to target/classes
2023-05-01 05:38:53,954 [Worker-19: Building] INFO  o.a.m.s.f.DefaultMavenResourcesFiltering - skip non existing resourceDirectory /Users/shathamorales/Desktop/Coding-Dojo/java_stack/_java/JavaSpring/DisplayDate/DisplayDate/src/test/resources
2023-05-01 05:39:06,723 [Worker-17: Building] INFO  o.a.m.s.f.DefaultMavenResourcesFiltering - Copying 0 resource from src/main/resources to target/classes
2023-05-01 05:39:06,723 [Worker-17: Building] INFO  o.a.m.s.f.DefaultMavenResourcesFiltering - Copying 0 resource from src/main/resources to target/classes
2023-05-01 05:39:06,727 [Worker-17: Building] INFO  o.a.m.s.f.DefaultMavenResourcesFiltering - skip non existing resourceDirectory /Users/shathamorales/Desktop/Coding-Dojo/java_stack/_java/JavaSpring/DisplayDate/DisplayDate/src/test/resources
2023-05-01 05:39:35,547 [Worker-18: Building] INFO  o.a.m.s.f.DefaultMavenResourcesFiltering - Copying 0 resource from src/main/resources to target/classes
2023-05-01 05:39:35,548 [Worker-18: Building] INFO  o.a.m.s.f.DefaultMavenResourcesFiltering - Copying 0 resource from src/main/resources to target/classes
2023-05-01 05:39:35,551 [Worker-18: Building] INFO  o.a.m.s.f.DefaultMavenResourcesFiltering - skip non existing resourceDirectory /Users/shathamorales/Desktop/Coding-Dojo/java_stack/_java/JavaSpring/DisplayDate/DisplayDate/src/test/resources
2023-05-01 05:39:54,428 [Worker-17: Building] INFO  o.a.m.s.f.DefaultMavenResourcesFiltering - Copying 0 resource from src/main/resources to target/classes
2023-05-01 05:39:54,430 [Worker-17: Building] INFO  o.a.m.s.f.DefaultMavenResourcesFiltering - Copying 0 resource from src/main/resources to target/classes
2023-05-01 05:39:54,433 [Worker-17: Building] INFO  o.a.m.s.f.DefaultMavenResourcesFiltering - skip non existing resourceDirectory /Users/shathamorales/Desktop/Coding-Dojo/java_stack/_java/JavaSpring/DisplayDate/DisplayDate/src/test/resources
2023-05-01 05:39:58,510 [Worker-17: Building] INFO  o.a.m.s.f.DefaultMavenResourcesFiltering - Copying 0 resource from src/main/resources to target/classes
2023-05-01 05:39:58,510 [Worker-17: Building] INFO  o.a.m.s.f.DefaultMavenResourcesFiltering - Copying 0 resource from src/main/resources to target/classes
2023-05-01 05:39:58,513 [Worker-17: Building] INFO  o.a.m.s.f.DefaultMavenResourcesFiltering - skip non existing resourceDirectory /Users/shathamorales/Desktop/Coding-Dojo/java_stack/_java/JavaSpring/DisplayDate/DisplayDate/src/test/resources
2023-05-01 05:40:57,082 [Worker-17: Building] INFO  o.a.m.s.f.DefaultMavenResourcesFiltering - Copying 0 resource from src/main/resources to target/classes
2023-05-01 05:40:57,083 [Worker-17: Building] INFO  o.a.m.s.f.DefaultMavenResourcesFiltering - Copying 0 resource from src/main/resources to target/classes
2023-05-01 05:40:57,088 [Worker-17: Building] INFO  o.a.m.s.f.DefaultMavenResourcesFiltering - skip non existing resourceDirectory /Users/shathamorales/Desktop/Coding-Dojo/java_stack/_java/JavaSpring/DisplayDate/DisplayDate/src/test/resources
2023-05-01 05:42:12,591 [Worker-15: Building] INFO  o.a.m.s.f.DefaultMavenResourcesFiltering - Copying 0 resource from src/main/resources to target/classes
2023-05-01 05:42:12,593 [Worker-15: Building] INFO  o.a.m.s.f.DefaultMavenResourcesFiltering - Copying 0 resource from src/main/resources to target/classes
2023-05-01 05:42:12,596 [Worker-15: Building] INFO  o.a.m.s.f.DefaultMavenResourcesFiltering - skip non existing resourceDirectory /Users/shathamorales/Desktop/Coding-Dojo/java_stack/_java/JavaSpring/DisplayDate/DisplayDate/src/test/resources
2023-05-01 05:47:25,760 [Worker-15: Building] INFO  o.a.m.s.f.DefaultMavenResourcesFiltering - Copying 0 resource from src/main/resources to target/classes
2023-05-01 05:47:25,761 [Worker-15: Building] INFO  o.a.m.s.f.DefaultMavenResourcesFiltering - Copying 0 resource from src/main/resources to target/classes
2023-05-01 05:47:25,764 [Worker-15: Building] INFO  o.a.m.s.f.DefaultMavenResourcesFiltering - skip non existing resourceDirectory /Users/shathamorales/Desktop/Coding-Dojo/java_stack/_java/JavaSpring/DisplayDate/DisplayDate/src/test/resources
2023-05-01 05:47:50,787 [Worker-22: Building] INFO  o.a.m.s.f.DefaultMavenResourcesFiltering - Copying 0 resource from src/main/resources to target/classes
2023-05-01 05:47:50,788 [Worker-22: Building] INFO  o.a.m.s.f.DefaultMavenResourcesFiltering - Copying 0 resource from src/main/resources to target/classes
2023-05-01 05:47:50,790 [Worker-22: Building] INFO  o.a.m.s.f.DefaultMavenResourcesFiltering - skip non existing resourceDirectory /Users/shathamorales/Desktop/Coding-Dojo/java_stack/_java/JavaSpring/DisplayDate/DisplayDate/src/test/resources
2023-05-01 05:48:18,823 [Worker-21: Building] INFO  o.a.m.s.f.DefaultMavenResourcesFiltering - Copying 0 resource from src/main/resources to target/classes
2023-05-01 05:48:18,824 [Worker-21: Building] INFO  o.a.m.s.f.DefaultMavenResourcesFiltering - Copying 0 resource from src/main/resources to target/classes
2023-05-01 05:48:18,826 [Worker-21: Building] INFO  o.a.m.s.f.DefaultMavenResourcesFiltering - skip non existing resourceDirectory /Users/shathamorales/Desktop/Coding-Dojo/java_stack/_java/JavaSpring/DisplayDate/DisplayDate/src/test/resources
2023-05-01 05:50:12,221 [Worker-23: Building] INFO  o.a.m.s.f.DefaultMavenResourcesFiltering - Copying 1 resource from src/main/resources to target/classes
2023-05-01 05:50:12,283 [Worker-23: Building] INFO  o.a.m.s.f.DefaultMavenResourcesFiltering - Copying 2 resources from src/main/resources to target/classes
2023-05-01 05:50:12,287 [Worker-23: Building] INFO  o.a.m.s.f.DefaultMavenResourcesFiltering - skip non existing resourceDirectory /Users/shathamorales/Desktop/Coding-Dojo/java_stack/_java/JavaSpring/DisplayDate/DisplayDate/src/test/resources
2023-05-01 05:54:16,129 [Worker-24: Building] INFO  o.a.m.s.f.DefaultMavenResourcesFiltering - Copying 1 resource from src/main/resources to target/classes
2023-05-01 05:54:16,137 [Worker-24: Building] INFO  o.a.m.s.f.DefaultMavenResourcesFiltering - Copying 2 resources from src/main/resources to target/classes
2023-05-01 05:54:16,140 [Worker-24: Building] INFO  o.a.m.s.f.DefaultMavenResourcesFiltering - skip non existing resourceDirectory /Users/shathamorales/Desktop/Coding-Dojo/java_stack/_java/JavaSpring/DisplayDate/DisplayDate/src/test/resources
2023-05-01 05:54:30,664 [Worker-22: Building] INFO  o.a.m.s.f.DefaultMavenResourcesFiltering - Copying 1 resource from src/main/resources to target/classes
2023-05-01 05:54:30,682 [Worker-22: Building] INFO  o.a.m.s.f.DefaultMavenResourcesFiltering - Copying 2 resources from src/main/resources to target/classes
2023-05-01 05:54:30,688 [Worker-22: Building] INFO  o.a.m.s.f.DefaultMavenResourcesFiltering - skip non existing resourceDirectory /Users/shathamorales/Desktop/Coding-Dojo/java_stack/_java/JavaSpring/DisplayDate/DisplayDate/src/test/resources
2023-05-01 05:55:38,782 [Worker-25: Building] INFO  o.a.m.s.f.DefaultMavenResourcesFiltering - Copying 1 resource from src/main/resources to target/classes
2023-05-01 05:55:38,788 [Worker-25: Building] INFO  o.a.m.s.f.DefaultMavenResourcesFiltering - Copying 2 resources from src/main/resources to target/classes
2023-05-01 05:55:38,792 [Worker-25: Building] INFO  o.a.m.s.f.DefaultMavenResourcesFiltering - skip non existing resourceDirectory /Users/shathamorales/Desktop/Coding-Dojo/java_stack/_java/JavaSpring/DisplayDate/DisplayDate/src/test/resources
2023-05-01 05:55:42,943 [Worker-24: Building] INFO  o.a.m.s.f.DefaultMavenResourcesFiltering - Copying 1 resource from src/main/resources to target/classes
2023-05-01 05:55:42,948 [Worker-24: Building] INFO  o.a.m.s.f.DefaultMavenResourcesFiltering - Copying 2 resources from src/main/resources to target/classes
2023-05-01 05:55:42,950 [Worker-24: Building] INFO  o.a.m.s.f.DefaultMavenResourcesFiltering - skip non existing resourceDirectory /Users/shathamorales/Desktop/Coding-Dojo/java_stack/_java/JavaSpring/DisplayDate/DisplayDate/src/test/resources
2023-05-01 05:56:17,944 [Worker-11: Building] INFO  o.a.m.s.f.DefaultMavenResourcesFiltering - Copying 1 resource from src/main/resources to target/classes
2023-05-01 05:56:17,948 [Worker-11: Building] INFO  o.a.m.s.f.DefaultMavenResourcesFiltering - Copying 2 resources from src/main/resources to target/classes
2023-05-01 05:56:17,951 [Worker-11: Building] INFO  o.a.m.s.f.DefaultMavenResourcesFiltering - skip non existing resourceDirectory /Users/shathamorales/Desktop/Coding-Dojo/java_stack/_java/JavaSpring/DisplayDate/DisplayDate/src/test/resources
2023-05-01 05:56:22,010 [Worker-11: Building] INFO  o.a.m.s.f.DefaultMavenResourcesFiltering - Copying 1 resource from src/main/resources to target/classes
2023-05-01 05:56:22,024 [Worker-11: Building] INFO  o.a.m.s.f.DefaultMavenResourcesFiltering - Copying 2 resources from src/main/resources to target/classes
2023-05-01 05:56:22,026 [Worker-11: Building] INFO  o.a.m.s.f.DefaultMavenResourcesFiltering - skip non existing resourceDirectory /Users/shathamorales/Desktop/Coding-Dojo/java_stack/_java/JavaSpring/DisplayDate/DisplayDate/src/test/resources
2023-05-01 05:56:39,003 [Worker-26: Building] INFO  o.a.m.s.f.DefaultMavenResourcesFiltering - Copying 1 resource from src/main/resources to target/classes
2023-05-01 05:56:39,009 [Worker-26: Building] INFO  o.a.m.s.f.DefaultMavenResourcesFiltering - Copying 2 resources from src/main/resources to target/classes
2023-05-01 05:56:39,011 [Worker-26: Building] INFO  o.a.m.s.f.DefaultMavenResourcesFiltering - skip non existing resourceDirectory /Users/shathamorales/Desktop/Coding-Dojo/java_stack/_java/JavaSpring/DisplayDate/DisplayDate/src/test/resources
2023-05-01 05:57:18,797 [Worker-27: Building] INFO  o.a.m.s.f.DefaultMavenResourcesFiltering - Copying 1 resource from src/main/resources to target/classes
2023-05-01 05:57:18,806 [Worker-27: Building] INFO  o.a.m.s.f.DefaultMavenResourcesFiltering - Copying 2 resources from src/main/resources to target/classes
2023-05-01 05:57:18,808 [Worker-27: Building] INFO  o.a.m.s.f.DefaultMavenResourcesFiltering - skip non existing resourceDirectory /Users/shathamorales/Desktop/Coding-Dojo/java_stack/_java/JavaSpring/DisplayDate/DisplayDate/src/test/resources
2023-05-01 05:58:31,076 [Worker-25: Building] INFO  o.a.m.s.f.DefaultMavenResourcesFiltering - Copying 1 resource from src/main/resources to target/classes
2023-05-01 05:58:31,081 [Worker-25: Building] INFO  o.a.m.s.f.DefaultMavenResourcesFiltering - Copying 2 resources from src/main/resources to target/classes
2023-05-01 05:58:31,086 [Worker-25: Building] INFO  o.a.m.s.f.DefaultMavenResourcesFiltering - skip non existing resourceDirectory /Users/shathamorales/Desktop/Coding-Dojo/java_stack/_java/JavaSpring/DisplayDate/DisplayDate/src/test/resources
2023-05-01 06:02:37,339 [Worker-29: Building] INFO  o.a.m.s.f.DefaultMavenResourcesFiltering - Copying 1 resource from src/main/resources to target/classes
2023-05-01 06:02:37,345 [Worker-29: Building] INFO  o.a.m.s.f.DefaultMavenResourcesFiltering - Copying 2 resources from src/main/resources to target/classes
2023-05-01 06:02:37,347 [Worker-29: Building] INFO  o.a.m.s.f.DefaultMavenResourcesFiltering - skip non existing resourceDirectory /Users/shathamorales/Desktop/Coding-Dojo/java_stack/_java/JavaSpring/DisplayDate/DisplayDate/src/test/resources
2023-05-01 06:02:45,001 [Worker-28: Building] INFO  o.a.m.s.f.DefaultMavenResourcesFiltering - Copying 1 resource from src/main/resources to target/classes
2023-05-01 06:02:45,006 [Worker-28: Building] INFO  o.a.m.s.f.DefaultMavenResourcesFiltering - Copying 2 resources from src/main/resources to target/classes
2023-05-01 06:02:45,009 [Worker-28: Building] INFO  o.a.m.s.f.DefaultMavenResourcesFiltering - skip non existing resourceDirectory /Users/shathamorales/Desktop/Coding-Dojo/java_stack/_java/JavaSpring/DisplayDate/DisplayDate/src/test/resources
2023-05-01 06:04:31,004 [Worker-25: Building] INFO  o.a.m.s.f.DefaultMavenResourcesFiltering - Copying 0 resource from src/main/resources to target/classes
2023-05-01 06:04:31,005 [Worker-25: Building] INFO  o.a.m.s.f.DefaultMavenResourcesFiltering - Copying 1 resource from src/main/resources to target/classes
2023-05-01 06:04:31,009 [Worker-25: Building] INFO  o.a.m.s.f.DefaultMavenResourcesFiltering - skip non existing resourceDirectory /Users/shathamorales/Desktop/Coding-Dojo/java_stack/_java/JavaSpring/DisplayDate/DisplayDate/src/test/resources
2023-05-01 06:05:01,948 [Worker-28: Building] INFO  o.a.m.s.f.DefaultMavenResourcesFiltering - Copying 0 resource from src/main/resources to target/classes
2023-05-01 06:05:01,949 [Worker-28: Building] INFO  o.a.m.s.f.DefaultMavenResourcesFiltering - Copying 1 resource from src/main/resources to target/classes
2023-05-01 06:05:01,953 [Worker-28: Building] INFO  o.a.m.s.f.DefaultMavenResourcesFiltering - skip non existing resourceDirectory /Users/shathamorales/Desktop/Coding-Dojo/java_stack/_java/JavaSpring/DisplayDate/DisplayDate/src/test/resources
2023-05-01 06:14:20,422 [Worker-29: Building] INFO  o.a.m.s.f.DefaultMavenResourcesFiltering - Copying 1 resource from src/main/resources to target/classes
2023-05-01 06:14:20,429 [Worker-29: Building] INFO  o.a.m.s.f.DefaultMavenResourcesFiltering - Copying 2 resources from src/main/resources to target/classes
2023-05-01 06:14:20,431 [Worker-29: Building] INFO  o.a.m.s.f.DefaultMavenResourcesFiltering - skip non existing resourceDirectory /Users/shathamorales/Desktop/Coding-Dojo/java_stack/_java/JavaSpring/DisplayDate/DisplayDate/src/test/resources
2023-05-01 06:14:55,773 [Worker-28: Building] INFO  o.a.m.s.f.DefaultMavenResourcesFiltering - Copying 1 resource from src/main/resources to target/classes
2023-05-01 06:14:55,778 [Worker-28: Building] INFO  o.a.m.s.f.DefaultMavenResourcesFiltering - Copying 2 resources from src/main/resources to target/classes
2023-05-01 06:14:55,781 [Worker-28: Building] INFO  o.a.m.s.f.DefaultMavenResourcesFiltering - skip non existing resourceDirectory /Users/shathamorales/Desktop/Coding-Dojo/java_stack/_java/JavaSpring/DisplayDate/DisplayDate/src/test/resources
2023-05-01 06:18:02,230 [Worker-36: Building] INFO  o.a.m.s.f.DefaultMavenResourcesFiltering - Copying 1 resource from src/main/resources to target/classes
2023-05-01 06:18:02,235 [Worker-36: Building] INFO  o.a.m.s.f.DefaultMavenResourcesFiltering - Copying 2 resources from src/main/resources to target/classes
2023-05-01 06:18:02,241 [Worker-36: Building] INFO  o.a.m.s.f.DefaultMavenResourcesFiltering - skip non existing resourceDirectory /Users/shathamorales/Desktop/Coding-Dojo/java_stack/_java/JavaSpring/DisplayDate/DisplayDate/src/test/resources
2023-05-01 06:19:51,492 [Worker-28: Building] INFO  o.a.m.s.f.DefaultMavenResourcesFiltering - Copying 1 resource from src/main/resources to target/classes
2023-05-01 06:19:51,498 [Worker-28: Building] INFO  o.a.m.s.f.DefaultMavenResourcesFiltering - Copying 2 resources from src/main/resources to target/classes
2023-05-01 06:19:51,501 [Worker-28: Building] INFO  o.a.m.s.f.DefaultMavenResourcesFiltering - skip non existing resourceDirectory /Users/shathamorales/Desktop/Coding-Dojo/java_stack/_java/JavaSpring/DisplayDate/DisplayDate/src/test/resources
2023-05-01 06:20:05,554 [Worker-38: Building] INFO  o.a.m.s.f.DefaultMavenResourcesFiltering - Copying 1 resource from src/main/resources to target/classes
2023-05-01 06:20:05,568 [Worker-38: Building] INFO  o.a.m.s.f.DefaultMavenResourcesFiltering - Copying 2 resources from src/main/resources to target/classes
2023-05-01 06:20:05,570 [Worker-38: Building] INFO  o.a.m.s.f.DefaultMavenResourcesFiltering - skip non existing resourceDirectory /Users/shathamorales/Desktop/Coding-Dojo/java_stack/_java/JavaSpring/DisplayDate/DisplayDate/src/test/resources
2023-05-01 06:20:24,482 [Worker-37: Building] INFO  o.a.m.s.f.DefaultMavenResourcesFiltering - Copying 1 resource from src/main/resources to target/classes
2023-05-01 06:20:24,490 [Worker-37: Building] INFO  o.a.m.s.f.DefaultMavenResourcesFiltering - Copying 2 resources from src/main/resources to target/classes
2023-05-01 06:20:24,493 [Worker-37: Building] INFO  o.a.m.s.f.DefaultMavenResourcesFiltering - skip non existing resourceDirectory /Users/shathamorales/Desktop/Coding-Dojo/java_stack/_java/JavaSpring/DisplayDate/DisplayDate/src/test/resources
2023-05-01 06:21:02,867 [Worker-28: Building] INFO  o.a.m.s.f.DefaultMavenResourcesFiltering - Copying 1 resource from src/main/resources to target/classes
2023-05-01 06:21:02,875 [Worker-28: Building] INFO  o.a.m.s.f.DefaultMavenResourcesFiltering - Copying 2 resources from src/main/resources to target/classes
2023-05-01 06:21:02,877 [Worker-28: Building] INFO  o.a.m.s.f.DefaultMavenResourcesFiltering - skip non existing resourceDirectory /Users/shathamorales/Desktop/Coding-Dojo/java_stack/_java/JavaSpring/DisplayDate/DisplayDate/src/test/resources
2023-05-01 06:23:45,688 [Worker-41: Building] INFO  o.a.m.s.f.DefaultMavenResourcesFiltering - Copying 1 resource from src/main/resources to target/classes
2023-05-01 06:23:45,696 [Worker-41: Building] INFO  o.a.m.s.f.DefaultMavenResourcesFiltering - Copying 2 resources from src/main/resources to target/classes
2023-05-01 06:23:45,699 [Worker-41: Building] INFO  o.a.m.s.f.DefaultMavenResourcesFiltering - skip non existing resourceDirectory /Users/shathamorales/Desktop/Coding-Dojo/java_stack/_java/JavaSpring/DisplayDate/DisplayDate/src/test/resources
2023-05-01 06:24:50,553 [Worker-37: Building] INFO  o.a.m.s.f.DefaultMavenResourcesFiltering - Copying 1 resource from src/main/resources to target/classes
2023-05-01 06:24:50,571 [Worker-37: Building] INFO  o.a.m.s.f.DefaultMavenResourcesFiltering - Copying 2 resources from src/main/resources to target/classes
2023-05-01 06:24:50,575 [Worker-37: Building] INFO  o.a.m.s.f.DefaultMavenResourcesFiltering - skip non existing resourceDirectory /Users/shathamorales/Desktop/Coding-Dojo/java_stack/_java/JavaSpring/DisplayDate/DisplayDate/src/test/resources
2023-05-01 06:29:41,553 [Worker-41: Building] INFO  o.a.m.s.f.DefaultMavenResourcesFiltering - Copying 0 resource from src/main/resources to target/classes
2023-05-01 06:29:41,554 [Worker-41: Building] INFO  o.a.m.s.f.DefaultMavenResourcesFiltering - Copying 1 resource from src/main/resources to target/classes
2023-05-01 06:29:41,559 [Worker-41: Building] INFO  o.a.m.s.f.DefaultMavenResourcesFiltering - skip non existing resourceDirectory /Users/shathamorales/Desktop/Coding-Dojo/java_stack/_java/JavaSpring/DisplayDate/DisplayDate/src/test/resources
2023-05-01 06:32:17,430 [Worker-46: Building] INFO  o.a.m.s.f.DefaultMavenResourcesFiltering - Copying 0 resource from src/main/resources to target/classes
2023-05-01 06:32:17,431 [Worker-46: Building] INFO  o.a.m.s.f.DefaultMavenResourcesFiltering - Copying 1 resource from src/main/resources to target/classes
2023-05-01 06:32:17,435 [Worker-46: Building] INFO  o.a.m.s.f.DefaultMavenResourcesFiltering - skip non existing resourceDirectory /Users/shathamorales/Desktop/Coding-Dojo/java_stack/_java/JavaSpring/DisplayDate/DisplayDate/src/test/resources
2023-05-01 06:33:18,509 [Worker-47: Building] INFO  o.a.m.s.f.DefaultMavenResourcesFiltering - Copying 0 resource from src/main/resources to target/classes
2023-05-01 06:33:18,510 [Worker-47: Building] INFO  o.a.m.s.f.DefaultMavenResourcesFiltering - Copying 1 resource from src/main/resources to target/classes
2023-05-01 06:33:18,513 [Worker-47: Building] INFO  o.a.m.s.f.DefaultMavenResourcesFiltering - skip non existing resourceDirectory /Users/shathamorales/Desktop/Coding-Dojo/java_stack/_java/JavaSpring/DisplayDate/DisplayDate/src/test/resources
