2023-04-26 05:33:10,659 [Worker-6: Loading available Gradle versions] INFO  o.e.b.c.i.u.g.PublishedGradleVersions - Gradle version information cache is up-to-date. Trying to read.
2023-04-26 05:34:16,827 [Worker-9: Import Getting Started Content] INFO  o.e.m.c.i.l.LifecycleMappingFactory - Using org.maven.ide.eclipse.wtp.WarLifecycleMapping lifecycle mapping for MavenProject: com.example.demo:HelloHuman:0.0.1-SNAPSHOT @ /Users/shathamorales/Desktop/Coding-Dojo/java_stack/_java/JavaSpring/HelloHuman/HelloHuman/pom.xml.
2023-04-26 05:34:18,841 [Worker-9: Import Getting Started Content] INFO  o.e.m.j.i.AbstractJavaProjectConfigurator - Adding source folder /HelloHuman/src/main/java
2023-04-26 05:34:18,843 [Worker-9: Import Getting Started Content] INFO  o.e.m.j.i.AbstractJavaProjectConfigurator - Adding resource folder /HelloHuman/src/main/resources
2023-04-26 05:34:18,847 [Worker-9: Import Getting Started Content] INFO  o.e.m.j.i.AbstractJavaProjectConfigurator - Adding resource folder /HelloHuman/src/main/resources
2023-04-26 05:34:18,851 [Worker-9: Import Getting Started Content] INFO  o.e.m.j.i.AbstractJavaProjectConfigurator - Adding source folder /HelloHuman/src/test/java
2023-04-26 05:34:23,061 [Worker-9: Import Getting Started Content] INFO  o.e.m.c.i.p.ProjectConfigurationManager - Imported and configured 1 project(s) in 8 sec
2023-04-26 05:34:23,067 [Worker-9: Import Getting Started Content] INFO  o.e.m.c.i.p.ProjectConfigurationManager - Update started
2023-04-26 05:34:23,432 [Worker-9: Import Getting Started Content] INFO  o.e.m.c.i.l.LifecycleMappingFactory - Using org.maven.ide.eclipse.wtp.WarLifecycleMapping lifecycle mapping for MavenProject: com.example.demo:HelloHuman:0.0.1-SNAPSHOT @ /Users/shathamorales/Desktop/Coding-Dojo/java_stack/_java/JavaSpring/HelloHuman/HelloHuman/pom.xml.
2023-04-26 05:34:24,227 [Worker-9: Import Getting Started Content] INFO  o.e.m.j.i.AbstractJavaProjectConfigurator - Adding source folder /HelloHuman/src/main/java
2023-04-26 05:34:24,227 [Worker-9: Import Getting Started Content] INFO  o.e.m.j.i.AbstractJavaProjectConfigurator - Adding resource folder /HelloHuman/src/main/resources
2023-04-26 05:34:24,228 [Worker-9: Import Getting Started Content] INFO  o.e.m.j.i.AbstractJavaProjectConfigurator - Adding resource folder /HelloHuman/src/main/resources
2023-04-26 05:34:24,229 [Worker-9: Import Getting Started Content] INFO  o.e.m.j.i.AbstractJavaProjectConfigurator - Adding source folder /HelloHuman/src/test/java
2023-04-26 05:34:24,949 [Worker-9: Import Getting Started Content] INFO  o.e.m.w.i.f.ResourceFilteringBuildParticipant - Cleaning filtered folder for HelloHuman
2023-04-26 05:34:24,954 [Worker-9: Import Getting Started Content] INFO  o.e.m.c.i.p.ProjectConfigurationManager - Update completed: 1 sec
2023-04-26 05:34:25,646 [Worker-0: Building] INFO  o.a.m.s.f.DefaultMavenResourcesFiltering - Copying 1 resource from src/main/resources to target/classes
2023-04-26 05:34:25,681 [Worker-0: Building] INFO  o.a.m.s.f.DefaultMavenResourcesFiltering - Copying 0 resource from src/main/resources to target/classes
2023-04-26 05:34:25,687 [Worker-0: Building] INFO  o.a.m.s.f.DefaultMavenResourcesFiltering - skip non existing resourceDirectory /Users/shathamorales/Desktop/Coding-Dojo/java_stack/_java/JavaSpring/HelloHuman/HelloHuman/src/test/resources
2023-04-26 05:34:25,688 [Worker-0: Building] INFO  o.e.m.w.i.f.ResourceFilteringBuildParticipant - Changed resources require a complete clean of filtered resources of HelloHuman
2023-04-26 05:34:25,689 [Worker-0: Building] INFO  o.e.m.w.i.f.ResourceFilteringBuildParticipant - Executing resource filtering for HelloHuman
2023-04-26 06:18:51,794 [Worker-14: Building] INFO  o.a.m.s.f.DefaultMavenResourcesFiltering - Copying 1 resource from src/main/resources to target/classes
2023-04-26 06:18:51,972 [Worker-14: Building] INFO  o.a.m.s.f.DefaultMavenResourcesFiltering - Copying 0 resource from src/main/resources to target/classes
2023-04-26 06:18:51,998 [Worker-14: Building] INFO  o.a.m.s.f.DefaultMavenResourcesFiltering - skip non existing resourceDirectory /Users/shathamorales/Desktop/Coding-Dojo/java_stack/_java/JavaSpring/HelloHuman/HelloHuman/src/test/resources
2023-04-26 06:35:13,533 [Worker-16: Building] INFO  o.a.m.s.f.DefaultMavenResourcesFiltering - Copying 1 resource from src/main/resources to target/classes
2023-04-26 06:35:13,618 [Worker-16: Building] INFO  o.a.m.s.f.DefaultMavenResourcesFiltering - Copying 0 resource from src/main/resources to target/classes
2023-04-26 06:35:13,651 [Worker-16: Building] INFO  o.a.m.s.f.DefaultMavenResourcesFiltering - skip non existing resourceDirectory /Users/shathamorales/Desktop/Coding-Dojo/java_stack/_java/JavaSpring/HelloHuman/HelloHuman/src/test/resources
2023-04-26 06:39:03,693 [Worker-28: Building] INFO  o.a.m.s.f.DefaultMavenResourcesFiltering - Copying 1 resource from src/main/resources to target/classes
2023-04-26 06:39:03,712 [Worker-28: Building] INFO  o.a.m.s.f.DefaultMavenResourcesFiltering - Copying 0 resource from src/main/resources to target/classes
2023-04-26 06:39:03,719 [Worker-28: Building] INFO  o.a.m.s.f.DefaultMavenResourcesFiltering - skip non existing resourceDirectory /Users/shathamorales/Desktop/Coding-Dojo/java_stack/_java/JavaSpring/HelloHuman/HelloHuman/src/test/resources
2023-04-26 06:45:16,443 [Worker-33: Building] INFO  o.a.m.s.f.DefaultMavenResourcesFiltering - Copying 1 resource from src/main/resources to target/classes
2023-04-26 06:45:16,553 [Worker-33: Building] INFO  o.a.m.s.f.DefaultMavenResourcesFiltering - Copying 0 resource from src/main/resources to target/classes
2023-04-26 06:45:16,560 [Worker-33: Building] INFO  o.a.m.s.f.DefaultMavenResourcesFiltering - skip non existing resourceDirectory /Users/shathamorales/Desktop/Coding-Dojo/java_stack/_java/JavaSpring/HelloHuman/HelloHuman/src/test/resources
2023-04-26 06:47:29,398 [Worker-36: Building] INFO  o.a.m.s.f.DefaultMavenResourcesFiltering - Copying 1 resource from src/main/resources to target/classes
2023-04-26 06:47:29,582 [Worker-36: Building] INFO  o.a.m.s.f.DefaultMavenResourcesFiltering - Copying 0 resource from src/main/resources to target/classes
2023-04-26 06:47:29,588 [Worker-36: Building] INFO  o.a.m.s.f.DefaultMavenResourcesFiltering - skip non existing resourceDirectory /Users/shathamorales/Desktop/Coding-Dojo/java_stack/_java/JavaSpring/HelloHuman/HelloHuman/src/test/resources
2023-04-26 07:55:39,527 [Worker-44: Building] INFO  o.a.m.s.f.DefaultMavenResourcesFiltering - Copying 1 resource from src/main/resources to target/classes
2023-04-26 07:55:39,638 [Worker-44: Building] INFO  o.a.m.s.f.DefaultMavenResourcesFiltering - Copying 0 resource from src/main/resources to target/classes
2023-04-26 07:55:39,654 [Worker-44: Building] INFO  o.a.m.s.f.DefaultMavenResourcesFiltering - skip non existing resourceDirectory /Users/shathamorales/Desktop/Coding-Dojo/java_stack/_java/JavaSpring/HelloHuman/HelloHuman/src/test/resources
