2023-05-01 19:50:22,702 [Worker-1: Loading available Gradle versions] INFO  o.e.b.c.i.u.g.PublishedGradleVersions - Gradle version information cache is up-to-date. Trying to read.
2023-05-01 19:54:15,366 [Worker-12: Import Getting Started Content] INFO  o.e.m.c.i.l.LifecycleMappingFactory - Using org.maven.ide.eclipse.wtp.WarLifecycleMapping lifecycle mapping for MavenProject: com.codingdojo.loops:FruityLoops:0.0.1-SNAPSHOT @ /Users/shathamorales/Desktop/Coding-Dojo/java_stack/_java/JavaSpring/FruityLoops/FruityLoops/pom.xml.
2023-05-01 19:54:19,866 [Worker-12: Import Getting Started Content] INFO  o.e.m.j.i.AbstractJavaProjectConfigurator - Adding source folder /FruityLoops/src/main/java
2023-05-01 19:54:19,868 [Worker-12: Import Getting Started Content] INFO  o.e.m.j.i.AbstractJavaProjectConfigurator - Adding resource folder /FruityLoops/src/main/resources
2023-05-01 19:54:19,877 [Worker-12: Import Getting Started Content] INFO  o.e.m.j.i.AbstractJavaProjectConfigurator - Adding resource folder /FruityLoops/src/main/resources
2023-05-01 19:54:19,885 [Worker-12: Import Getting Started Content] INFO  o.e.m.j.i.AbstractJavaProjectConfigurator - Adding source folder /FruityLoops/src/test/java
2023-05-01 19:54:29,488 [Worker-12: Import Getting Started Content] INFO  o.e.m.c.i.p.ProjectConfigurationManager - Imported and configured 1 project(s) in 16 sec
2023-05-01 19:54:29,501 [Worker-12: Import Getting Started Content] INFO  o.e.m.c.i.p.ProjectConfigurationManager - Update started
2023-05-01 19:54:30,927 [Worker-12: Import Getting Started Content] INFO  o.e.m.c.i.l.LifecycleMappingFactory - Using org.maven.ide.eclipse.wtp.WarLifecycleMapping lifecycle mapping for MavenProject: com.codingdojo.loops:FruityLoops:0.0.1-SNAPSHOT @ /Users/shathamorales/Desktop/Coding-Dojo/java_stack/_java/JavaSpring/FruityLoops/FruityLoops/pom.xml.
2023-05-01 19:54:32,590 [Worker-12: Import Getting Started Content] INFO  o.e.m.j.i.AbstractJavaProjectConfigurator - Adding source folder /FruityLoops/src/main/java
2023-05-01 19:54:32,594 [Worker-12: Import Getting Started Content] INFO  o.e.m.j.i.AbstractJavaProjectConfigurator - Adding resource folder /FruityLoops/src/main/resources
2023-05-01 19:54:32,599 [Worker-12: Import Getting Started Content] INFO  o.e.m.j.i.AbstractJavaProjectConfigurator - Adding resource folder /FruityLoops/src/main/resources
2023-05-01 19:54:32,603 [Worker-12: Import Getting Started Content] INFO  o.e.m.j.i.AbstractJavaProjectConfigurator - Adding source folder /FruityLoops/src/test/java
2023-05-01 19:54:34,764 [Worker-12: Import Getting Started Content] INFO  o.e.m.w.i.f.ResourceFilteringBuildParticipant - Cleaning filtered folder for FruityLoops
2023-05-01 19:54:34,774 [Worker-12: Import Getting Started Content] INFO  o.e.m.c.i.p.ProjectConfigurationManager - Update completed: 5 sec
2023-05-01 19:54:35,706 [Worker-14: Building] INFO  o.a.m.s.f.DefaultMavenResourcesFiltering - Copying 1 resource from src/main/resources to target/classes
2023-05-01 19:54:35,766 [Worker-14: Building] INFO  o.a.m.s.f.DefaultMavenResourcesFiltering - Copying 0 resource from src/main/resources to target/classes
2023-05-01 19:54:35,775 [Worker-14: Building] INFO  o.a.m.s.f.DefaultMavenResourcesFiltering - skip non existing resourceDirectory /Users/shathamorales/Desktop/Coding-Dojo/java_stack/_java/JavaSpring/FruityLoops/FruityLoops/src/test/resources
2023-05-01 19:54:35,776 [Worker-14: Building] INFO  o.e.m.w.i.f.ResourceFilteringBuildParticipant - Changed resources require a complete clean of filtered resources of FruityLoops
2023-05-01 19:54:35,777 [Worker-14: Building] INFO  o.e.m.w.i.f.ResourceFilteringBuildParticipant - Executing resource filtering for FruityLoops
2023-05-01 19:55:29,891 [Worker-15: Building] INFO  o.e.m.c.i.l.LifecycleMappingFactory - Using org.maven.ide.eclipse.wtp.WarLifecycleMapping lifecycle mapping for MavenProject: com.codingdojo.loops:FruityLoops:0.0.1-SNAPSHOT @ /Users/shathamorales/Desktop/Coding-Dojo/java_stack/_java/JavaSpring/FruityLoops/FruityLoops/pom.xml.
2023-05-01 19:55:31,648 [Worker-15: Building] INFO  o.a.m.s.f.DefaultMavenResourcesFiltering - Copying 0 resource from src/main/resources to target/classes
2023-05-01 19:55:31,649 [Worker-15: Building] INFO  o.a.m.s.f.DefaultMavenResourcesFiltering - Copying 0 resource from src/main/resources to target/classes
2023-05-01 19:55:31,663 [Worker-15: Building] INFO  o.a.m.s.f.DefaultMavenResourcesFiltering - skip non existing resourceDirectory /Users/shathamorales/Desktop/Coding-Dojo/java_stack/_java/JavaSpring/FruityLoops/FruityLoops/src/test/resources
2023-05-01 19:55:31,663 [Worker-15: Building] INFO  o.e.m.w.i.f.ResourceFilteringBuildParticipant - Changed resources require a complete clean of filtered resources of FruityLoops
2023-05-01 19:55:31,664 [Worker-15: Building] INFO  o.e.m.w.i.f.ResourceFilteringBuildParticipant - Executing resource filtering for FruityLoops
2023-05-01 19:55:33,094 [Worker-4: Building] INFO  o.a.m.s.f.DefaultMavenResourcesFiltering - Copying 1 resource from src/main/resources to target/classes
2023-05-01 19:55:33,167 [Worker-4: Building] INFO  o.a.m.s.f.DefaultMavenResourcesFiltering - Copying 0 resource from src/main/resources to target/classes
2023-05-01 19:55:33,193 [Worker-4: Building] INFO  o.a.m.s.f.DefaultMavenResourcesFiltering - skip non existing resourceDirectory /Users/shathamorales/Desktop/Coding-Dojo/java_stack/_java/JavaSpring/FruityLoops/FruityLoops/src/test/resources
2023-05-01 19:55:54,935 [Worker-17: Building] INFO  o.a.m.s.f.DefaultMavenResourcesFiltering - Copying 0 resource from src/main/resources to target/classes
2023-05-01 19:55:54,935 [Worker-17: Building] INFO  o.a.m.s.f.DefaultMavenResourcesFiltering - Copying 0 resource from src/main/resources to target/classes
2023-05-01 19:55:54,945 [Worker-17: Building] INFO  o.a.m.s.f.DefaultMavenResourcesFiltering - skip non existing resourceDirectory /Users/shathamorales/Desktop/Coding-Dojo/java_stack/_java/JavaSpring/FruityLoops/FruityLoops/src/test/resources
2023-05-01 19:56:05,157 [Worker-4: Building] INFO  o.a.m.s.f.DefaultMavenResourcesFiltering - Copying 1 resource from src/main/resources to target/classes
2023-05-01 19:56:05,176 [Worker-4: Building] INFO  o.a.m.s.f.DefaultMavenResourcesFiltering - Copying 0 resource from src/main/resources to target/classes
2023-05-01 19:56:05,181 [Worker-4: Building] INFO  o.a.m.s.f.DefaultMavenResourcesFiltering - skip non existing resourceDirectory /Users/shathamorales/Desktop/Coding-Dojo/java_stack/_java/JavaSpring/FruityLoops/FruityLoops/src/test/resources
2023-05-01 19:56:29,807 [Worker-16: Building] INFO  o.a.m.s.f.DefaultMavenResourcesFiltering - Copying 0 resource from src/main/resources to target/classes
2023-05-01 19:56:29,818 [Worker-16: Building] INFO  o.a.m.s.f.DefaultMavenResourcesFiltering - Copying 0 resource from src/main/resources to target/classes
2023-05-01 19:56:29,833 [Worker-16: Building] INFO  o.a.m.s.f.DefaultMavenResourcesFiltering - skip non existing resourceDirectory /Users/shathamorales/Desktop/Coding-Dojo/java_stack/_java/JavaSpring/FruityLoops/FruityLoops/src/test/resources
2023-05-01 19:56:39,108 [Worker-17: Building] INFO  o.a.m.s.f.DefaultMavenResourcesFiltering - Copying 0 resource from src/main/resources to target/classes
2023-05-01 19:56:39,109 [Worker-17: Building] INFO  o.a.m.s.f.DefaultMavenResourcesFiltering - Copying 0 resource from src/main/resources to target/classes
2023-05-01 19:56:39,129 [Worker-17: Building] INFO  o.a.m.s.f.DefaultMavenResourcesFiltering - skip non existing resourceDirectory /Users/shathamorales/Desktop/Coding-Dojo/java_stack/_java/JavaSpring/FruityLoops/FruityLoops/src/test/resources
2023-05-01 19:56:52,231 [Worker-16: Building] INFO  o.a.m.s.f.DefaultMavenResourcesFiltering - Copying 0 resource from src/main/resources to target/classes
2023-05-01 19:56:52,233 [Worker-16: Building] INFO  o.a.m.s.f.DefaultMavenResourcesFiltering - Copying 0 resource from src/main/resources to target/classes
2023-05-01 19:56:52,242 [Worker-16: Building] INFO  o.a.m.s.f.DefaultMavenResourcesFiltering - skip non existing resourceDirectory /Users/shathamorales/Desktop/Coding-Dojo/java_stack/_java/JavaSpring/FruityLoops/FruityLoops/src/test/resources
2023-05-01 19:57:07,345 [Worker-13: Building] INFO  o.a.m.s.f.DefaultMavenResourcesFiltering - Copying 0 resource from src/main/resources to target/classes
2023-05-01 19:57:07,346 [Worker-13: Building] INFO  o.a.m.s.f.DefaultMavenResourcesFiltering - Copying 0 resource from src/main/resources to target/classes
2023-05-01 19:57:07,351 [Worker-13: Building] INFO  o.a.m.s.f.DefaultMavenResourcesFiltering - skip non existing resourceDirectory /Users/shathamorales/Desktop/Coding-Dojo/java_stack/_java/JavaSpring/FruityLoops/FruityLoops/src/test/resources
2023-05-01 19:57:14,358 [Worker-16: Cleaning all projects] INFO  o.e.m.w.i.f.ResourceFilteringBuildParticipant - Cleaning filtered folder for FruityLoops
2023-05-01 19:57:14,658 [Worker-16: Building] INFO  o.a.m.s.f.DefaultMavenResourcesFiltering - Copying 1 resource from src/main/resources to target/classes
2023-05-01 19:57:14,661 [Worker-16: Building] INFO  o.a.m.s.f.DefaultMavenResourcesFiltering - Copying 0 resource from src/main/resources to target/classes
2023-05-01 19:57:14,665 [Worker-16: Building] INFO  o.a.m.s.f.DefaultMavenResourcesFiltering - skip non existing resourceDirectory /Users/shathamorales/Desktop/Coding-Dojo/java_stack/_java/JavaSpring/FruityLoops/FruityLoops/src/test/resources
2023-05-01 19:57:14,665 [Worker-16: Building] INFO  o.e.m.w.i.f.ResourceFilteringBuildParticipant - Changed resources require a complete clean of filtered resources of FruityLoops
2023-05-01 19:57:14,665 [Worker-16: Building] INFO  o.e.m.w.i.f.ResourceFilteringBuildParticipant - Executing resource filtering for FruityLoops
2023-05-01 19:57:24,329 [Worker-14: Updating Maven Project] INFO  o.e.m.c.i.p.ProjectConfigurationManager - Update started
2023-05-01 19:57:24,886 [Worker-14: Updating Maven Project] INFO  o.e.m.c.i.l.LifecycleMappingFactory - Using org.maven.ide.eclipse.wtp.WarLifecycleMapping lifecycle mapping for MavenProject: com.codingdojo.loops:FruityLoops:0.0.1-SNAPSHOT @ /Users/shathamorales/Desktop/Coding-Dojo/java_stack/_java/JavaSpring/FruityLoops/FruityLoops/pom.xml.
2023-05-01 19:57:26,181 [Worker-14: Updating Maven Project] INFO  o.e.m.j.i.AbstractJavaProjectConfigurator - Adding source folder /FruityLoops/src/main/java
2023-05-01 19:57:26,181 [Worker-14: Updating Maven Project] INFO  o.e.m.j.i.AbstractJavaProjectConfigurator - Adding resource folder /FruityLoops/src/main/resources
2023-05-01 19:57:26,184 [Worker-14: Updating Maven Project] INFO  o.e.m.j.i.AbstractJavaProjectConfigurator - Adding resource folder /FruityLoops/src/main/resources
2023-05-01 19:57:26,186 [Worker-14: Updating Maven Project] INFO  o.e.m.j.i.AbstractJavaProjectConfigurator - Adding source folder /FruityLoops/src/test/java
2023-05-01 19:57:26,642 [Worker-14: Updating Maven Project] INFO  o.e.m.w.i.f.ResourceFilteringBuildParticipant - Cleaning filtered folder for FruityLoops
2023-05-01 19:57:26,646 [Worker-14: Updating Maven Project] INFO  o.e.m.c.i.p.ProjectConfigurationManager - Update completed: 2 sec
2023-05-01 19:57:26,908 [Worker-14: Building] INFO  o.a.m.s.f.DefaultMavenResourcesFiltering - Copying 1 resource from src/main/resources to target/classes
2023-05-01 19:57:26,948 [Worker-14: Building] INFO  o.a.m.s.f.DefaultMavenResourcesFiltering - Copying 0 resource from src/main/resources to target/classes
2023-05-01 19:57:26,954 [Worker-14: Building] INFO  o.a.m.s.f.DefaultMavenResourcesFiltering - skip non existing resourceDirectory /Users/shathamorales/Desktop/Coding-Dojo/java_stack/_java/JavaSpring/FruityLoops/FruityLoops/src/test/resources
2023-05-01 19:57:26,954 [Worker-14: Building] INFO  o.e.m.w.i.f.ResourceFilteringBuildParticipant - Changed resources require a complete clean of filtered resources of FruityLoops
2023-05-01 19:57:26,955 [Worker-14: Building] INFO  o.e.m.w.i.f.ResourceFilteringBuildParticipant - Executing resource filtering for FruityLoops
2023-05-01 19:57:30,707 [Worker-15: Cleaning all projects] INFO  o.e.m.w.i.f.ResourceFilteringBuildParticipant - Cleaning filtered folder for FruityLoops
2023-05-01 19:57:30,990 [Worker-14: Building] INFO  o.a.m.s.f.DefaultMavenResourcesFiltering - Copying 1 resource from src/main/resources to target/classes
2023-05-01 19:57:30,993 [Worker-14: Building] INFO  o.a.m.s.f.DefaultMavenResourcesFiltering - Copying 0 resource from src/main/resources to target/classes
2023-05-01 19:57:31,003 [Worker-14: Building] INFO  o.a.m.s.f.DefaultMavenResourcesFiltering - skip non existing resourceDirectory /Users/shathamorales/Desktop/Coding-Dojo/java_stack/_java/JavaSpring/FruityLoops/FruityLoops/src/test/resources
2023-05-01 19:57:31,004 [Worker-14: Building] INFO  o.e.m.w.i.f.ResourceFilteringBuildParticipant - Changed resources require a complete clean of filtered resources of FruityLoops
2023-05-01 19:57:31,005 [Worker-14: Building] INFO  o.e.m.w.i.f.ResourceFilteringBuildParticipant - Executing resource filtering for FruityLoops
2023-05-01 19:57:46,123 [Worker-12: Building] INFO  o.a.m.s.f.DefaultMavenResourcesFiltering - Copying 0 resource from src/main/resources to target/classes
2023-05-01 19:57:46,124 [Worker-12: Building] INFO  o.a.m.s.f.DefaultMavenResourcesFiltering - Copying 0 resource from src/main/resources to target/classes
2023-05-01 19:57:46,135 [Worker-12: Building] INFO  o.a.m.s.f.DefaultMavenResourcesFiltering - skip non existing resourceDirectory /Users/shathamorales/Desktop/Coding-Dojo/java_stack/_java/JavaSpring/FruityLoops/FruityLoops/src/test/resources
2023-05-01 19:58:26,823 [Worker-15: Building] INFO  o.a.m.s.f.DefaultMavenResourcesFiltering - Copying 1 resource from src/main/resources to target/classes
2023-05-01 19:58:26,832 [Worker-15: Building] INFO  o.a.m.s.f.DefaultMavenResourcesFiltering - Copying 0 resource from src/main/resources to target/classes
2023-05-01 19:58:26,836 [Worker-15: Building] INFO  o.a.m.s.f.DefaultMavenResourcesFiltering - skip non existing resourceDirectory /Users/shathamorales/Desktop/Coding-Dojo/java_stack/_java/JavaSpring/FruityLoops/FruityLoops/src/test/resources
2023-05-01 20:00:40,969 [Worker-18: Building] INFO  o.a.m.s.f.DefaultMavenResourcesFiltering - Copying 1 resource from src/main/resources to target/classes
2023-05-01 20:00:40,986 [Worker-18: Building] INFO  o.a.m.s.f.DefaultMavenResourcesFiltering - Copying 0 resource from src/main/resources to target/classes
2023-05-01 20:00:40,992 [Worker-18: Building] INFO  o.a.m.s.f.DefaultMavenResourcesFiltering - skip non existing resourceDirectory /Users/shathamorales/Desktop/Coding-Dojo/java_stack/_java/JavaSpring/FruityLoops/FruityLoops/src/test/resources
2023-05-01 20:05:40,388 [Worker-8: Building] INFO  o.a.m.s.f.DefaultMavenResourcesFiltering - Copying 1 resource from src/main/resources to target/classes
2023-05-01 20:05:40,401 [Worker-8: Building] INFO  o.a.m.s.f.DefaultMavenResourcesFiltering - Copying 0 resource from src/main/resources to target/classes
2023-05-01 20:05:40,405 [Worker-8: Building] INFO  o.a.m.s.f.DefaultMavenResourcesFiltering - skip non existing resourceDirectory /Users/shathamorales/Desktop/Coding-Dojo/java_stack/_java/JavaSpring/FruityLoops/FruityLoops/src/test/resources
2023-05-01 20:06:31,815 [Worker-8: Building] INFO  o.a.m.s.f.DefaultMavenResourcesFiltering - Copying 1 resource from src/main/resources to target/classes
2023-05-01 20:06:31,829 [Worker-8: Building] INFO  o.a.m.s.f.DefaultMavenResourcesFiltering - Copying 0 resource from src/main/resources to target/classes
2023-05-01 20:06:31,836 [Worker-8: Building] INFO  o.a.m.s.f.DefaultMavenResourcesFiltering - skip non existing resourceDirectory /Users/shathamorales/Desktop/Coding-Dojo/java_stack/_java/JavaSpring/FruityLoops/FruityLoops/src/test/resources
2023-05-01 20:07:00,149 [Worker-8: Building] INFO  o.a.m.s.f.DefaultMavenResourcesFiltering - Copying 1 resource from src/main/resources to target/classes
2023-05-01 20:07:00,217 [Worker-8: Building] INFO  o.a.m.s.f.DefaultMavenResourcesFiltering - Copying 0 resource from src/main/resources to target/classes
2023-05-01 20:07:00,232 [Worker-8: Building] INFO  o.a.m.s.f.DefaultMavenResourcesFiltering - skip non existing resourceDirectory /Users/shathamorales/Desktop/Coding-Dojo/java_stack/_java/JavaSpring/FruityLoops/FruityLoops/src/test/resources
2023-05-01 20:08:15,051 [Worker-22: Building] INFO  o.a.m.s.f.DefaultMavenResourcesFiltering - Copying 1 resource from src/main/resources to target/classes
2023-05-01 20:08:15,066 [Worker-22: Building] INFO  o.a.m.s.f.DefaultMavenResourcesFiltering - Copying 0 resource from src/main/resources to target/classes
2023-05-01 20:08:15,074 [Worker-22: Building] INFO  o.a.m.s.f.DefaultMavenResourcesFiltering - skip non existing resourceDirectory /Users/shathamorales/Desktop/Coding-Dojo/java_stack/_java/JavaSpring/FruityLoops/FruityLoops/src/test/resources
2023-05-01 20:08:33,990 [Worker-22: Building] INFO  o.a.m.s.f.DefaultMavenResourcesFiltering - Copying 1 resource from src/main/resources to target/classes
2023-05-01 20:08:34,086 [Worker-22: Building] INFO  o.a.m.s.f.DefaultMavenResourcesFiltering - Copying 0 resource from src/main/resources to target/classes
2023-05-01 20:08:34,092 [Worker-22: Building] INFO  o.a.m.s.f.DefaultMavenResourcesFiltering - skip non existing resourceDirectory /Users/shathamorales/Desktop/Coding-Dojo/java_stack/_java/JavaSpring/FruityLoops/FruityLoops/src/test/resources
2023-05-01 20:19:17,794 [Worker-27: Building] INFO  o.a.m.s.f.DefaultMavenResourcesFiltering - Copying 0 resource from src/main/resources to target/classes
2023-05-01 20:19:17,796 [Worker-27: Building] INFO  o.a.m.s.f.DefaultMavenResourcesFiltering - Copying 0 resource from src/main/resources to target/classes
2023-05-01 20:19:17,803 [Worker-27: Building] INFO  o.a.m.s.f.DefaultMavenResourcesFiltering - skip non existing resourceDirectory /Users/shathamorales/Desktop/Coding-Dojo/java_stack/_java/JavaSpring/FruityLoops/FruityLoops/src/test/resources
2023-05-01 20:20:23,215 [Worker-25: Updating Maven Project] INFO  o.e.m.c.i.p.ProjectConfigurationManager - Update started
2023-05-01 20:20:23,898 [Worker-25: Updating Maven Project] INFO  o.e.m.c.i.l.LifecycleMappingFactory - Using org.maven.ide.eclipse.wtp.WarLifecycleMapping lifecycle mapping for MavenProject: com.codingdojo.loops:FruityLoops:0.0.1-SNAPSHOT @ /Users/shathamorales/Desktop/Coding-Dojo/java_stack/_java/JavaSpring/FruityLoops/FruityLoops/pom.xml.
2023-05-01 20:20:25,337 [Worker-25: Updating Maven Project] INFO  o.e.m.j.i.AbstractJavaProjectConfigurator - Adding source folder /FruityLoops/src/main/java
2023-05-01 20:20:25,337 [Worker-25: Updating Maven Project] INFO  o.e.m.j.i.AbstractJavaProjectConfigurator - Adding resource folder /FruityLoops/src/main/resources
2023-05-01 20:20:25,338 [Worker-25: Updating Maven Project] INFO  o.e.m.j.i.AbstractJavaProjectConfigurator - Adding resource folder /FruityLoops/src/main/resources
2023-05-01 20:20:25,339 [Worker-25: Updating Maven Project] INFO  o.e.m.j.i.AbstractJavaProjectConfigurator - Adding source folder /FruityLoops/src/test/java
2023-05-01 20:20:25,813 [Worker-25: Updating Maven Project] INFO  o.e.m.w.i.f.ResourceFilteringBuildParticipant - Cleaning filtered folder for FruityLoops
2023-05-01 20:20:25,821 [Worker-25: Updating Maven Project] INFO  o.e.m.c.i.p.ProjectConfigurationManager - Update completed: 2 sec
2023-05-01 20:20:26,076 [Worker-28: Building] INFO  o.a.m.s.f.DefaultMavenResourcesFiltering - Copying 1 resource from src/main/resources to target/classes
2023-05-01 20:20:26,260 [Worker-28: Building] INFO  o.a.m.s.f.DefaultMavenResourcesFiltering - Copying 0 resource from src/main/resources to target/classes
2023-05-01 20:20:26,265 [Worker-28: Building] INFO  o.a.m.s.f.DefaultMavenResourcesFiltering - skip non existing resourceDirectory /Users/shathamorales/Desktop/Coding-Dojo/java_stack/_java/JavaSpring/FruityLoops/FruityLoops/src/test/resources
2023-05-01 20:20:26,266 [Worker-28: Building] INFO  o.e.m.w.i.f.ResourceFilteringBuildParticipant - Changed resources require a complete clean of filtered resources of FruityLoops
2023-05-01 20:20:26,266 [Worker-28: Building] INFO  o.e.m.w.i.f.ResourceFilteringBuildParticipant - Executing resource filtering for FruityLoops
2023-05-01 20:20:29,460 [Worker-29: Cleaning all projects] INFO  o.e.m.w.i.f.ResourceFilteringBuildParticipant - Cleaning filtered folder for FruityLoops
2023-05-01 20:20:29,664 [Worker-28: Building] INFO  o.a.m.s.f.DefaultMavenResourcesFiltering - Copying 1 resource from src/main/resources to target/classes
2023-05-01 20:20:29,665 [Worker-28: Building] INFO  o.a.m.s.f.DefaultMavenResourcesFiltering - Copying 0 resource from src/main/resources to target/classes
2023-05-01 20:20:29,668 [Worker-28: Building] INFO  o.a.m.s.f.DefaultMavenResourcesFiltering - skip non existing resourceDirectory /Users/shathamorales/Desktop/Coding-Dojo/java_stack/_java/JavaSpring/FruityLoops/FruityLoops/src/test/resources
2023-05-01 20:20:29,669 [Worker-28: Building] INFO  o.e.m.w.i.f.ResourceFilteringBuildParticipant - Changed resources require a complete clean of filtered resources of FruityLoops
2023-05-01 20:20:29,669 [Worker-28: Building] INFO  o.e.m.w.i.f.ResourceFilteringBuildParticipant - Executing resource filtering for FruityLoops
2023-05-01 20:20:55,341 [Worker-25: Building] INFO  o.a.m.s.f.DefaultMavenResourcesFiltering - Copying 1 resource from src/main/resources to target/classes
2023-05-01 20:20:55,350 [Worker-25: Building] INFO  o.a.m.s.f.DefaultMavenResourcesFiltering - Copying 0 resource from src/main/resources to target/classes
2023-05-01 20:20:55,357 [Worker-25: Building] INFO  o.a.m.s.f.DefaultMavenResourcesFiltering - skip non existing resourceDirectory /Users/shathamorales/Desktop/Coding-Dojo/java_stack/_java/JavaSpring/FruityLoops/FruityLoops/src/test/resources
2023-05-01 20:22:18,906 [Worker-28: Building] INFO  o.a.m.s.f.DefaultMavenResourcesFiltering - Copying 0 resource from src/main/resources to target/classes
2023-05-01 20:22:18,907 [Worker-28: Building] INFO  o.a.m.s.f.DefaultMavenResourcesFiltering - Copying 0 resource from src/main/resources to target/classes
2023-05-01 20:22:18,913 [Worker-28: Building] INFO  o.a.m.s.f.DefaultMavenResourcesFiltering - skip non existing resourceDirectory /Users/shathamorales/Desktop/Coding-Dojo/java_stack/_java/JavaSpring/FruityLoops/FruityLoops/src/test/resources
2023-05-01 20:22:51,981 [Worker-29: Building] INFO  o.a.m.s.f.DefaultMavenResourcesFiltering - Copying 0 resource from src/main/resources to target/classes
2023-05-01 20:22:51,981 [Worker-29: Building] INFO  o.a.m.s.f.DefaultMavenResourcesFiltering - Copying 0 resource from src/main/resources to target/classes
2023-05-01 20:22:51,987 [Worker-29: Building] INFO  o.a.m.s.f.DefaultMavenResourcesFiltering - skip non existing resourceDirectory /Users/shathamorales/Desktop/Coding-Dojo/java_stack/_java/JavaSpring/FruityLoops/FruityLoops/src/test/resources
2023-05-01 20:23:15,489 [Worker-27: Building] INFO  o.a.m.s.f.DefaultMavenResourcesFiltering - Copying 0 resource from src/main/resources to target/classes
2023-05-01 20:23:15,490 [Worker-27: Building] INFO  o.a.m.s.f.DefaultMavenResourcesFiltering - Copying 0 resource from src/main/resources to target/classes
2023-05-01 20:23:15,495 [Worker-27: Building] INFO  o.a.m.s.f.DefaultMavenResourcesFiltering - skip non existing resourceDirectory /Users/shathamorales/Desktop/Coding-Dojo/java_stack/_java/JavaSpring/FruityLoops/FruityLoops/src/test/resources
2023-05-01 20:24:46,020 [Worker-6: Loading available Gradle versions] INFO  o.e.b.c.i.u.g.PublishedGradleVersions - Gradle version information cache is up-to-date. Trying to read.
2023-05-01 20:24:56,446 [Worker-12: Building] INFO  o.a.m.s.f.DefaultMavenResourcesFiltering - Copying 1 resource from src/main/resources to target/classes
2023-05-01 20:24:56,536 [Worker-12: Building] INFO  o.a.m.s.f.DefaultMavenResourcesFiltering - Copying 0 resource from src/main/resources to target/classes
2023-05-01 20:24:56,593 [Worker-12: Building] INFO  o.a.m.s.f.DefaultMavenResourcesFiltering - skip non existing resourceDirectory /Users/shathamorales/Desktop/Coding-Dojo/java_stack/_java/JavaSpring/FruityLoops/FruityLoops/src/test/resources
2023-05-01 20:26:00,371 [Worker-5: Building] INFO  o.a.m.s.f.DefaultMavenResourcesFiltering - Copying 1 resource from src/main/resources to target/classes
2023-05-01 20:26:00,413 [Worker-5: Building] INFO  o.a.m.s.f.DefaultMavenResourcesFiltering - Copying 0 resource from src/main/resources to target/classes
2023-05-01 20:26:00,419 [Worker-5: Building] INFO  o.a.m.s.f.DefaultMavenResourcesFiltering - skip non existing resourceDirectory /Users/shathamorales/Desktop/Coding-Dojo/java_stack/_java/JavaSpring/FruityLoops/FruityLoops/src/test/resources
2023-05-01 20:26:16,854 [Worker-6: Loading available Gradle versions] INFO  o.e.b.c.i.u.g.PublishedGradleVersions - Gradle version information cache is up-to-date. Trying to read.
2023-05-01 20:28:12,072 [Worker-4: Building] INFO  o.a.m.s.f.DefaultMavenResourcesFiltering - Copying 0 resource from src/main/resources to target/classes
2023-05-01 20:28:12,075 [Worker-4: Building] INFO  o.a.m.s.f.DefaultMavenResourcesFiltering - Copying 0 resource from src/main/resources to target/classes
2023-05-01 20:28:12,080 [Worker-4: Building] INFO  o.a.m.s.f.DefaultMavenResourcesFiltering - skip non existing resourceDirectory /Users/shathamorales/Desktop/Coding-Dojo/java_stack/_java/JavaSpring/FruityLoops/FruityLoops/src/test/resources
2023-05-01 20:30:16,420 [Worker-3: Building] INFO  o.a.m.s.f.DefaultMavenResourcesFiltering - Copying 0 resource from src/main/resources to target/classes
2023-05-01 20:30:16,420 [Worker-3: Building] INFO  o.a.m.s.f.DefaultMavenResourcesFiltering - Copying 0 resource from src/main/resources to target/classes
2023-05-01 20:30:16,428 [Worker-3: Building] INFO  o.a.m.s.f.DefaultMavenResourcesFiltering - skip non existing resourceDirectory /Users/shathamorales/Desktop/Coding-Dojo/java_stack/_java/JavaSpring/FruityLoops/FruityLoops/src/test/resources
2023-05-01 20:30:48,792 [Worker-3: Building] INFO  o.a.m.s.f.DefaultMavenResourcesFiltering - Copying 0 resource from src/main/resources to target/classes
2023-05-01 20:30:48,793 [Worker-3: Building] INFO  o.a.m.s.f.DefaultMavenResourcesFiltering - Copying 0 resource from src/main/resources to target/classes
2023-05-01 20:30:48,799 [Worker-3: Building] INFO  o.a.m.s.f.DefaultMavenResourcesFiltering - skip non existing resourceDirectory /Users/shathamorales/Desktop/Coding-Dojo/java_stack/_java/JavaSpring/FruityLoops/FruityLoops/src/test/resources
2023-05-01 20:31:37,183 [Worker-3: Building] INFO  o.a.m.s.f.DefaultMavenResourcesFiltering - Copying 0 resource from src/main/resources to target/classes
2023-05-01 20:31:37,183 [Worker-3: Building] INFO  o.a.m.s.f.DefaultMavenResourcesFiltering - Copying 0 resource from src/main/resources to target/classes
2023-05-01 20:31:37,189 [Worker-3: Building] INFO  o.a.m.s.f.DefaultMavenResourcesFiltering - skip non existing resourceDirectory /Users/shathamorales/Desktop/Coding-Dojo/java_stack/_java/JavaSpring/FruityLoops/FruityLoops/src/test/resources
2023-05-01 20:31:44,900 [Worker-1: Building] INFO  o.a.m.s.f.DefaultMavenResourcesFiltering - Copying 0 resource from src/main/resources to target/classes
2023-05-01 20:31:44,901 [Worker-1: Building] INFO  o.a.m.s.f.DefaultMavenResourcesFiltering - Copying 0 resource from src/main/resources to target/classes
2023-05-01 20:31:44,907 [Worker-1: Building] INFO  o.a.m.s.f.DefaultMavenResourcesFiltering - skip non existing resourceDirectory /Users/shathamorales/Desktop/Coding-Dojo/java_stack/_java/JavaSpring/FruityLoops/FruityLoops/src/test/resources
2023-05-01 20:32:00,818 [Worker-10: Building] INFO  o.a.m.s.f.DefaultMavenResourcesFiltering - Copying 0 resource from src/main/resources to target/classes
2023-05-01 20:32:00,818 [Worker-10: Building] INFO  o.a.m.s.f.DefaultMavenResourcesFiltering - Copying 0 resource from src/main/resources to target/classes
2023-05-01 20:32:00,823 [Worker-10: Building] INFO  o.a.m.s.f.DefaultMavenResourcesFiltering - skip non existing resourceDirectory /Users/shathamorales/Desktop/Coding-Dojo/java_stack/_java/JavaSpring/FruityLoops/FruityLoops/src/test/resources
2023-05-01 20:33:49,003 [Worker-10: Building] INFO  o.a.m.s.f.DefaultMavenResourcesFiltering - Copying 0 resource from src/main/resources to target/classes
2023-05-01 20:33:49,004 [Worker-10: Building] INFO  o.a.m.s.f.DefaultMavenResourcesFiltering - Copying 0 resource from src/main/resources to target/classes
2023-05-01 20:33:49,038 [Worker-10: Building] INFO  o.a.m.s.f.DefaultMavenResourcesFiltering - skip non existing resourceDirectory /Users/shathamorales/Desktop/Coding-Dojo/java_stack/_java/JavaSpring/FruityLoops/FruityLoops/src/test/resources
2023-05-01 20:34:14,279 [Worker-0: Building] INFO  o.a.m.s.f.DefaultMavenResourcesFiltering - Copying 0 resource from src/main/resources to target/classes
2023-05-01 20:34:14,279 [Worker-0: Building] INFO  o.a.m.s.f.DefaultMavenResourcesFiltering - Copying 0 resource from src/main/resources to target/classes
2023-05-01 20:34:14,284 [Worker-0: Building] INFO  o.a.m.s.f.DefaultMavenResourcesFiltering - skip non existing resourceDirectory /Users/shathamorales/Desktop/Coding-Dojo/java_stack/_java/JavaSpring/FruityLoops/FruityLoops/src/test/resources
2023-05-01 20:36:16,035 [Worker-0: Building] INFO  o.e.m.c.i.l.LifecycleMappingFactory - Using org.maven.ide.eclipse.wtp.WarLifecycleMapping lifecycle mapping for MavenProject: com.codingdojo.loops:FruityLoops:0.0.1-SNAPSHOT @ /Users/shathamorales/Desktop/Coding-Dojo/java_stack/_java/JavaSpring/FruityLoops/FruityLoops/pom.xml.
2023-05-01 20:36:18,975 [Worker-0: Building] INFO  o.a.m.s.f.DefaultMavenResourcesFiltering - Copying 0 resource from src/main/resources to target/classes
2023-05-01 20:36:18,976 [Worker-0: Building] INFO  o.a.m.s.f.DefaultMavenResourcesFiltering - Copying 0 resource from src/main/resources to target/classes
2023-05-01 20:36:18,984 [Worker-0: Building] INFO  o.a.m.s.f.DefaultMavenResourcesFiltering - skip non existing resourceDirectory /Users/shathamorales/Desktop/Coding-Dojo/java_stack/_java/JavaSpring/FruityLoops/FruityLoops/src/test/resources
2023-05-01 20:36:18,985 [Worker-0: Building] INFO  o.e.m.w.i.f.ResourceFilteringBuildParticipant - Changed resources require a complete clean of filtered resources of FruityLoops
2023-05-01 20:36:18,986 [Worker-0: Building] INFO  o.e.m.w.i.f.ResourceFilteringBuildParticipant - Executing resource filtering for FruityLoops
2023-05-01 20:36:20,389 [Worker-9: Download sources and javadoc] INFO  o.e.m.c.i.e.AbstractTransferListenerAdapter - Downloaded https://repo.maven.apache.org/maven2/org/webjars/bootstrap/5.2.3/bootstrap-5.2.3-sources.jar
2023-05-01 20:36:20,421 [Worker-9: Download sources and javadoc] ERROR o.e.m.j.internal.DownloadSourcesJob - Could not download sources for org.webjars:bootstrap:5.2.3
org.eclipse.core.runtime.CoreException: Could not resolve artifact org.webjars:bootstrap:jar:sources:5.2.3
	at org.eclipse.m2e.core.internal.embedder.MavenImpl.lambda$6(MavenImpl.java:608)
	at org.eclipse.m2e.core.internal.embedder.MavenExecutionContext.executeBare(MavenExecutionContext.java:350)
	at org.eclipse.m2e.core.internal.embedder.MavenExecutionContext.execute(MavenExecutionContext.java:219)
	at org.eclipse.m2e.core.internal.embedder.MavenExecutionContext.execute(MavenExecutionContext.java:205)
	at org.eclipse.m2e.core.internal.embedder.MavenImpl.resolve(MavenImpl.java:577)
	at org.eclipse.m2e.core.internal.embedder.MavenImpl.resolve(MavenImpl.java:562)
	at org.eclipse.m2e.jdt.internal.DownloadSourcesJob.download(DownloadSourcesJob.java:308)
	at org.eclipse.m2e.jdt.internal.DownloadSourcesJob.downloadAttachments(DownloadSourcesJob.java:282)
	at org.eclipse.m2e.jdt.internal.DownloadSourcesJob.downloadMaven(DownloadSourcesJob.java:252)
	at org.eclipse.m2e.jdt.internal.DownloadSourcesJob.downloadFilesAndPopulateToUpdate(DownloadSourcesJob.java:220)
	at org.eclipse.m2e.jdt.internal.DownloadSourcesJob.lambda$0(DownloadSourcesJob.java:149)
	at org.eclipse.m2e.core.internal.embedder.MavenExecutionContext.executeBare(MavenExecutionContext.java:350)
	at org.eclipse.m2e.core.internal.embedder.MavenExecutionContext.execute(MavenExecutionContext.java:262)
	at org.eclipse.m2e.core.internal.embedder.MavenExecutionContext.execute(MavenExecutionContext.java:205)
	at org.eclipse.m2e.core.embedder.IMaven.execute(IMaven.java:270)
	at org.eclipse.m2e.jdt.internal.DownloadSourcesJob.run(DownloadSourcesJob.java:149)
	at org.eclipse.core.internal.jobs.Worker.run(Worker.java:63)
2023-05-01 20:36:20,934 [Worker-9: Building] INFO  o.a.m.s.f.DefaultMavenResourcesFiltering - Copying 1 resource from src/main/resources to target/classes
2023-05-01 20:36:20,985 [Worker-9: Building] INFO  o.a.m.s.f.DefaultMavenResourcesFiltering - Copying 0 resource from src/main/resources to target/classes
2023-05-01 20:36:21,015 [Worker-9: Building] INFO  o.a.m.s.f.DefaultMavenResourcesFiltering - skip non existing resourceDirectory /Users/shathamorales/Desktop/Coding-Dojo/java_stack/_java/JavaSpring/FruityLoops/FruityLoops/src/test/resources
2023-05-01 20:36:46,088 [Worker-10: Building] INFO  o.a.m.s.f.DefaultMavenResourcesFiltering - Copying 0 resource from src/main/resources to target/classes
2023-05-01 20:36:46,092 [Worker-10: Building] INFO  o.a.m.s.f.DefaultMavenResourcesFiltering - Copying 0 resource from src/main/resources to target/classes
2023-05-01 20:36:46,096 [Worker-10: Building] INFO  o.a.m.s.f.DefaultMavenResourcesFiltering - skip non existing resourceDirectory /Users/shathamorales/Desktop/Coding-Dojo/java_stack/_java/JavaSpring/FruityLoops/FruityLoops/src/test/resources
2023-05-01 20:37:38,169 [Worker-9: Building] INFO  o.a.m.s.f.DefaultMavenResourcesFiltering - Copying 0 resource from src/main/resources to target/classes
2023-05-01 20:37:38,177 [Worker-9: Building] INFO  o.a.m.s.f.DefaultMavenResourcesFiltering - Copying 0 resource from src/main/resources to target/classes
2023-05-01 20:37:38,188 [Worker-9: Building] INFO  o.a.m.s.f.DefaultMavenResourcesFiltering - skip non existing resourceDirectory /Users/shathamorales/Desktop/Coding-Dojo/java_stack/_java/JavaSpring/FruityLoops/FruityLoops/src/test/resources
2023-05-01 20:37:46,999 [Worker-0: Launching FruityLoops - FruityLoopsApplication] INFO  o.a.m.s.f.DefaultMavenResourcesFiltering - Copying 0 resource from src/main/resources to target/classes
2023-05-01 20:37:47,000 [Worker-0: Launching FruityLoops - FruityLoopsApplication] INFO  o.a.m.s.f.DefaultMavenResourcesFiltering - Copying 0 resource from src/main/resources to target/classes
2023-05-01 20:37:47,004 [Worker-0: Launching FruityLoops - FruityLoopsApplication] INFO  o.a.m.s.f.DefaultMavenResourcesFiltering - skip non existing resourceDirectory /Users/shathamorales/Desktop/Coding-Dojo/java_stack/_java/JavaSpring/FruityLoops/FruityLoops/src/test/resources
2023-05-01 20:37:48,500 [Worker-10: Download sources and javadoc] INFO  o.e.m.c.i.e.AbstractTransferListenerAdapter - Downloading https://repo.maven.apache.org/maven2/org/webjars/bootstrap/5.2.3/bootstrap-5.2.3-javadoc.jar
2023-05-01 20:37:49,326 [Worker-10: Download sources and javadoc] INFO  o.e.m.c.i.e.AbstractTransferListenerAdapter - Downloaded https://repo.maven.apache.org/maven2/org/webjars/bootstrap/5.2.3/bootstrap-5.2.3-javadoc.jar
2023-05-01 20:37:49,335 [Worker-10: Download sources and javadoc] INFO  o.e.m.j.internal.DownloadSourcesJob - Downloaded javadoc for org.webjars:bootstrap:5.2.3
2023-05-01 20:37:49,797 [Worker-11: Building] INFO  o.a.m.s.f.DefaultMavenResourcesFiltering - Copying 0 resource from src/main/resources to target/classes
2023-05-01 20:37:49,798 [Worker-11: Building] INFO  o.a.m.s.f.DefaultMavenResourcesFiltering - Copying 0 resource from src/main/resources to target/classes
2023-05-01 20:37:49,804 [Worker-11: Building] INFO  o.a.m.s.f.DefaultMavenResourcesFiltering - skip non existing resourceDirectory /Users/shathamorales/Desktop/Coding-Dojo/java_stack/_java/JavaSpring/FruityLoops/FruityLoops/src/test/resources
2023-05-01 20:39:57,703 [Worker-15: Building] INFO  o.a.m.s.f.DefaultMavenResourcesFiltering - Copying 0 resource from src/main/resources to target/classes
2023-05-01 20:39:57,704 [Worker-15: Building] INFO  o.a.m.s.f.DefaultMavenResourcesFiltering - Copying 0 resource from src/main/resources to target/classes
2023-05-01 20:39:57,711 [Worker-15: Building] INFO  o.a.m.s.f.DefaultMavenResourcesFiltering - skip non existing resourceDirectory /Users/shathamorales/Desktop/Coding-Dojo/java_stack/_java/JavaSpring/FruityLoops/FruityLoops/src/test/resources
2023-05-01 20:41:39,677 [Worker-11: Building] INFO  o.a.m.s.f.DefaultMavenResourcesFiltering - Copying 0 resource from src/main/resources to target/classes
2023-05-01 20:41:39,679 [Worker-11: Building] INFO  o.a.m.s.f.DefaultMavenResourcesFiltering - Copying 0 resource from src/main/resources to target/classes
2023-05-01 20:41:39,682 [Worker-11: Building] INFO  o.a.m.s.f.DefaultMavenResourcesFiltering - skip non existing resourceDirectory /Users/shathamorales/Desktop/Coding-Dojo/java_stack/_java/JavaSpring/FruityLoops/FruityLoops/src/test/resources
